Traceback (most recent call last):
  File "/mnt/c/Users/samri/persistent_queue_system/consumer.py", line 3, in <module>
    from persistent_queue.sqlite_queue import PersistentQSQLite
  File "/mnt/c/Users/samri/persistent_queue_system/persistent_queue/sqlite_queue.py", line 3, in <module>
    class PersistentQSQLite(PersistentQInterface):
NameError: name 'PersistentQInterface' is not defined
Traceback (most recent call last):
  File "/mnt/c/Users/samri/persistent_queue_system/consumer.py", line 3, in <module>
    from persistent_queue.sqlite_queue import PersistentQSQLite
  File "/mnt/c/Users/samri/persistent_queue_system/persistent_queue/sqlite_queue.py", line 3, in <module>
    class PersistentQSQLite(PersistentQInterface):
NameError: name 'PersistentQInterface' is not defined
Traceback (most recent call last):
  File "/mnt/c/Users/samri/persistent_queue_system/consumer.py", line 3, in <module>
    from persistent_queue.sqlite_queue import PersistentQSQLite
  File "/mnt/c/Users/samri/persistent_queue_system/persistent_queue/sqlite_queue.py", line 3, in <module>
    class PersistentQSQLite(PersistentQInterface):
NameError: name 'PersistentQInterface' is not defined
Traceback (most recent call last):
  File "/mnt/c/Users/samri/persistent_queue_system/consumer.py", line 3, in <module>
    from persistent_queue.sqlite_queue import PersistentQSQLite
  File "/mnt/c/Users/samri/persistent_queue_system/persistent_queue/sqlite_queue.py", line 3, in <module>
    class PersistentQSQLite(PersistentQInterface):
NameError: name 'PersistentQInterface' is not defined
Traceback (most recent call last):
  File "/mnt/c/Users/samri/persistent_queue_system/consumer.py", line 3, in <module>
    from persistent_queue.sqlite_queue import PersistentQSQLite
  File "/mnt/c/Users/samri/persistent_queue_system/persistent_queue/sqlite_queue.py", line 3, in <module>
    class PersistentQSQLite(PersistentQInterface):
NameError: name 'PersistentQInterface' is not defined
Traceback (most recent call last):
  File "/mnt/c/Users/samri/persistent_queue_system/consumer.py", line 3, in <module>
    from persistent_queue.sqlite_queue import PersistentQSQLite
  File "/mnt/c/Users/samri/persistent_queue_system/persistent_queue/sqlite_queue.py", line 3, in <module>
    class PersistentQSQLite(PersistentQInterface):
NameError: name 'PersistentQInterface' is not defined
Traceback (most recent call last):
  File "/mnt/c/Users/samri/persistent_queue_system/consumer.py", line 3, in <module>
    from persistent_queue.sqlite_queue import PersistentQSQLite
  File "/mnt/c/Users/samri/persistent_queue_system/persistent_queue/sqlite_queue.py", line 3, in <module>
    class PersistentQSQLite(PersistentQInterface):
NameError: name 'PersistentQInterface' is not defined
Traceback (most recent call last):
  File "/mnt/c/Users/samri/persistent_queue_system/consumer.py", line 3, in <module>
    from persistent_queue.sqlite_queue import PersistentQSQLite
  File "/mnt/c/Users/samri/persistent_queue_system/persistent_queue/sqlite_queue.py", line 3, in <module>
    class PersistentQSQLite(PersistentQInterface):
NameError: name 'PersistentQInterface' is not defined
Traceback (most recent call last):
  File "/mnt/c/Users/samri/persistent_queue_system/consumer.py", line 3, in <module>
    from persistent_queue.sqlite_queue import PersistentQSQLite
  File "/mnt/c/Users/samri/persistent_queue_system/persistent_queue/sqlite_queue.py", line 3, in <module>
    class PersistentQSQLite(PersistentQInterface):
NameError: name 'PersistentQInterface' is not defined
Traceback (most recent call last):
  File "/mnt/c/Users/samri/persistent_queue_system/consumer.py", line 3, in <module>
    from persistent_queue.sqlite_queue import PersistentQSQLite
  File "/mnt/c/Users/samri/persistent_queue_system/persistent_queue/sqlite_queue.py", line 3, in <module>
    class PersistentQSQLite(PersistentQInterface):
NameError: name 'PersistentQInterface' is not defined
Traceback (most recent call last):
  File "/mnt/c/Users/samri/persistent_queue_system/consumer.py", line 3, in <module>
    from persistent_queue.sqlite_queue import PersistentQSQLite
  File "/mnt/c/Users/samri/persistent_queue_system/persistent_queue/sqlite_queue.py", line 3, in <module>
    class PersistentQSQLite(PersistentQInterface):
NameError: name 'PersistentQInterface' is not defined
Traceback (most recent call last):
  File "/mnt/c/Users/samri/persistent_queue_system/consumer.py", line 3, in <module>
    from persistent_queue.sqlite_queue import PersistentQSQLite
  File "/mnt/c/Users/samri/persistent_queue_system/persistent_queue/sqlite_queue.py", line 3, in <module>
    class PersistentQSQLite(PersistentQInterface):
NameError: name 'PersistentQInterface' is not defined
Traceback (most recent call last):
  File "/mnt/c/Users/samri/persistent_queue_system/consumer.py", line 3, in <module>
    from persistent_queue.sqlite_queue import PersistentQSQLite
  File "/mnt/c/Users/samri/persistent_queue_system/persistent_queue/sqlite_queue.py", line 3, in <module>
    class PersistentQSQLite(PersistentQInterface):
NameError: name 'PersistentQInterface' is not defined
Traceback (most recent call last):
  File "/mnt/c/Users/samri/persistent_queue_system/consumer.py", line 3, in <module>
    from persistent_queue.sqlite_queue import PersistentQSQLite
  File "/mnt/c/Users/samri/persistent_queue_system/persistent_queue/sqlite_queue.py", line 3, in <module>
    class PersistentQSQLite(PersistentQInterface):
NameError: name 'PersistentQInterface' is not defined
Traceback (most recent call last):
  File "/mnt/c/Users/samri/persistent_queue_system/consumer.py", line 3, in <module>
    from persistent_queue.sqlite_queue import PersistentQSQLite
  File "/mnt/c/Users/samri/persistent_queue_system/persistent_queue/sqlite_queue.py", line 3, in <module>
    class PersistentQSQLite(PersistentQInterface):
NameError: name 'PersistentQInterface' is not defined
Traceback (most recent call last):
  File "/mnt/c/Users/samri/persistent_queue_system/consumer.py", line 3, in <module>
    from persistent_queue.sqlite_queue import PersistentQSQLite
  File "/mnt/c/Users/samri/persistent_queue_system/persistent_queue/sqlite_queue.py", line 3, in <module>
    class PersistentQSQLite(PersistentQInterface):
NameError: name 'PersistentQInterface' is not defined
Traceback (most recent call last):
  File "/mnt/c/Users/samri/persistent_queue_system/consumer.py", line 3, in <module>
    from persistent_queue.sqlite_queue import PersistentQSQLite
  File "/mnt/c/Users/samri/persistent_queue_system/persistent_queue/sqlite_queue.py", line 3, in <module>
    class PersistentQSQLite(PersistentQInterface):
NameError: name 'PersistentQInterface' is not defined
Traceback (most recent call last):
  File "/mnt/c/Users/samri/persistent_queue_system/consumer.py", line 3, in <module>
    from persistent_queue.sqlite_queue import PersistentQSQLite
  File "/mnt/c/Users/samri/persistent_queue_system/persistent_queue/sqlite_queue.py", line 3, in <module>
    class PersistentQSQLite(PersistentQInterface):
NameError: name 'PersistentQInterface' is not defined
Traceback (most recent call last):
  File "/mnt/c/Users/samri/persistent_queue_system/consumer.py", line 3, in <module>
    from persistent_queue.sqlite_queue import PersistentQSQLite
  File "/mnt/c/Users/samri/persistent_queue_system/persistent_queue/sqlite_queue.py", line 3, in <module>
    class PersistentQSQLite(PersistentQInterface):
NameError: name 'PersistentQInterface' is not defined
Traceback (most recent call last):
  File "/mnt/c/Users/samri/persistent_queue_system/consumer.py", line 3, in <module>
    from persistent_queue.sqlite_queue import PersistentQSQLite
  File "/mnt/c/Users/samri/persistent_queue_system/persistent_queue/sqlite_queue.py", line 3, in <module>
    class PersistentQSQLite(PersistentQInterface):
NameError: name 'PersistentQInterface' is not defined
Traceback (most recent call last):
  File "/mnt/c/Users/samri/persistent_queue_system/consumer.py", line 3, in <module>
    from persistent_queue.sqlite_queue import PersistentQSQLite
  File "/mnt/c/Users/samri/persistent_queue_system/persistent_queue/sqlite_queue.py", line 3, in <module>
    class PersistentQSQLite(PersistentQInterface):
NameError: name 'PersistentQInterface' is not defined
Traceback (most recent call last):
  File "/mnt/c/Users/samri/persistent_queue_system/consumer.py", line 3, in <module>
    from persistent_queue.sqlite_queue import PersistentQSQLite
  File "/mnt/c/Users/samri/persistent_queue_system/persistent_queue/sqlite_queue.py", line 3, in <module>
    class PersistentQSQLite(PersistentQInterface):
NameError: name 'PersistentQInterface' is not defined
Traceback (most recent call last):
  File "/mnt/c/Users/samri/persistent_queue_system/consumer.py", line 3, in <module>
    from persistent_queue.sqlite_queue import PersistentQSQLite
  File "/mnt/c/Users/samri/persistent_queue_system/persistent_queue/sqlite_queue.py", line 3, in <module>
    class PersistentQSQLite(PersistentQInterface):
NameError: name 'PersistentQInterface' is not defined
Traceback (most recent call last):
  File "/mnt/c/Users/samri/persistent_queue_system/consumer.py", line 3, in <module>
    from persistent_queue.sqlite_queue import PersistentQSQLite
  File "/mnt/c/Users/samri/persistent_queue_system/persistent_queue/sqlite_queue.py", line 3, in <module>
    class PersistentQSQLite(PersistentQInterface):
NameError: name 'PersistentQInterface' is not defined
Traceback (most recent call last):
  File "/mnt/c/Users/samri/persistent_queue_system/consumer.py", line 3, in <module>
    from persistent_queue.sqlite_queue import PersistentQSQLite
  File "/mnt/c/Users/samri/persistent_queue_system/persistent_queue/sqlite_queue.py", line 3, in <module>
    class PersistentQSQLite(PersistentQInterface):
NameError: name 'PersistentQInterface' is not defined
Traceback (most recent call last):
  File "/mnt/c/Users/samri/persistent_queue_system/consumer.py", line 3, in <module>
    from persistent_queue.sqlite_queue import PersistentQSQLite
  File "/mnt/c/Users/samri/persistent_queue_system/persistent_queue/sqlite_queue.py", line 3, in <module>
    class PersistentQSQLite(PersistentQInterface):
NameError: name 'PersistentQInterface' is not defined
Traceback (most recent call last):
  File "/mnt/c/Users/samri/persistent_queue_system/consumer.py", line 3, in <module>
    from persistent_queue.sqlite_queue import PersistentQSQLite
  File "/mnt/c/Users/samri/persistent_queue_system/persistent_queue/sqlite_queue.py", line 3, in <module>
    class PersistentQSQLite(PersistentQInterface):
NameError: name 'PersistentQInterface' is not defined
Traceback (most recent call last):
  File "/mnt/c/Users/samri/persistent_queue_system/consumer.py", line 3, in <module>
    from persistent_queue.sqlite_queue import PersistentQSQLite
  File "/mnt/c/Users/samri/persistent_queue_system/persistent_queue/sqlite_queue.py", line 3, in <module>
    class PersistentQSQLite(PersistentQInterface):
NameError: name 'PersistentQInterface' is not defined
Traceback (most recent call last):
  File "/mnt/c/Users/samri/persistent_queue_system/consumer.py", line 5, in <module>
    queue = PersistentQSQLite()
  File "/mnt/c/Users/samri/persistent_queue_system/persistent_queue/sqlite_queue.py", line 5, in __init__
    self.conn = sqlite3.connect(db_path)
NameError: name 'sqlite3' is not defined
Traceback (most recent call last):
  File "/mnt/c/Users/samri/persistent_queue_system/consumer.py", line 5, in <module>
    queue = PersistentQSQLite()
  File "/mnt/c/Users/samri/persistent_queue_system/persistent_queue/sqlite_queue.py", line 5, in __init__
    self.conn = sqlite3.connect(db_path)
NameError: name 'sqlite3' is not defined
Traceback (most recent call last):
  File "/mnt/c/Users/samri/persistent_queue_system/consumer.py", line 5, in <module>
    queue = PersistentQSQLite()
  File "/mnt/c/Users/samri/persistent_queue_system/persistent_queue/sqlite_queue.py", line 5, in __init__
    self.conn = sqlite3.connect(db_path)
NameError: name 'sqlite3' is not defined
Traceback (most recent call last):
  File "/mnt/c/Users/samri/persistent_queue_system/consumer.py", line 5, in <module>
    queue = PersistentQSQLite()
  File "/mnt/c/Users/samri/persistent_queue_system/persistent_queue/sqlite_queue.py", line 5, in __init__
    self.conn = sqlite3.connect(db_path)
NameError: name 'sqlite3' is not defined
Traceback (most recent call last):
  File "/mnt/c/Users/samri/persistent_queue_system/consumer.py", line 5, in <module>
    queue = PersistentQSQLite()
  File "/mnt/c/Users/samri/persistent_queue_system/persistent_queue/sqlite_queue.py", line 5, in __init__
    self.conn = sqlite3.connect(db_path)
NameError: name 'sqlite3' is not defined
Traceback (most recent call last):
  File "/mnt/c/Users/samri/persistent_queue_system/consumer.py", line 5, in <module>
    queue = PersistentQSQLite()
  File "/mnt/c/Users/samri/persistent_queue_system/persistent_queue/sqlite_queue.py", line 5, in __init__
    self.conn = sqlite3.connect(db_path)
NameError: name 'sqlite3' is not defined
Traceback (most recent call last):
  File "/mnt/c/Users/samri/persistent_queue_system/consumer.py", line 5, in <module>
    queue = PersistentQSQLite()
  File "/mnt/c/Users/samri/persistent_queue_system/persistent_queue/sqlite_queue.py", line 5, in __init__
    self.conn = sqlite3.connect(db_path)
NameError: name 'sqlite3' is not defined
Traceback (most recent call last):
  File "/mnt/c/Users/samri/persistent_queue_system/consumer.py", line 5, in <module>
    queue = PersistentQSQLite()
  File "/mnt/c/Users/samri/persistent_queue_system/persistent_queue/sqlite_queue.py", line 5, in __init__
    self.conn = sqlite3.connect(db_path)
NameError: name 'sqlite3' is not defined
Traceback (most recent call last):
  File "/mnt/c/Users/samri/persistent_queue_system/consumer.py", line 5, in <module>
    queue = PersistentQSQLite()
  File "/mnt/c/Users/samri/persistent_queue_system/persistent_queue/sqlite_queue.py", line 5, in __init__
    self.conn = sqlite3.connect(db_path)
NameError: name 'sqlite3' is not defined
Traceback (most recent call last):
  File "/mnt/c/Users/samri/persistent_queue_system/consumer.py", line 5, in <module>
    queue = PersistentQSQLite()
  File "/mnt/c/Users/samri/persistent_queue_system/persistent_queue/sqlite_queue.py", line 5, in __init__
    self.conn = sqlite3.connect(db_path)
NameError: name 'sqlite3' is not defined
Traceback (most recent call last):
  File "/mnt/c/Users/samri/persistent_queue_system/consumer.py", line 5, in <module>
    queue = PersistentQSQLite()
  File "/mnt/c/Users/samri/persistent_queue_system/persistent_queue/sqlite_queue.py", line 5, in __init__
    self.conn = sqlite3.connect(db_path)
NameError: name 'sqlite3' is not defined
Traceback (most recent call last):
  File "/mnt/c/Users/samri/persistent_queue_system/consumer.py", line 5, in <module>
    queue = PersistentQSQLite()
  File "/mnt/c/Users/samri/persistent_queue_system/persistent_queue/sqlite_queue.py", line 5, in __init__
    self.conn = sqlite3.connect(db_path)
NameError: name 'sqlite3' is not defined
Traceback (most recent call last):
  File "/mnt/c/Users/samri/persistent_queue_system/consumer.py", line 5, in <module>
    queue = PersistentQSQLite()
  File "/mnt/c/Users/samri/persistent_queue_system/persistent_queue/sqlite_queue.py", line 5, in __init__
    self.conn = sqlite3.connect(db_path)
NameError: name 'sqlite3' is not defined
Traceback (most recent call last):
  File "/mnt/c/Users/samri/persistent_queue_system/consumer.py", line 5, in <module>
    queue = PersistentQSQLite()
  File "/mnt/c/Users/samri/persistent_queue_system/persistent_queue/sqlite_queue.py", line 5, in __init__
    self.conn = sqlite3.connect(db_path)
NameError: name 'sqlite3' is not defined
Traceback (most recent call last):
  File "/mnt/c/Users/samri/persistent_queue_system/consumer.py", line 5, in <module>
    queue = PersistentQSQLite()
  File "/mnt/c/Users/samri/persistent_queue_system/persistent_queue/sqlite_queue.py", line 5, in __init__
    self.conn = sqlite3.connect(db_path)
NameError: name 'sqlite3' is not defined
Traceback (most recent call last):
  File "/mnt/c/Users/samri/persistent_queue_system/consumer.py", line 5, in <module>
    queue = PersistentQSQLite()
  File "/mnt/c/Users/samri/persistent_queue_system/persistent_queue/sqlite_queue.py", line 5, in __init__
    self.conn = sqlite3.connect(db_path)
NameError: name 'sqlite3' is not defined
