Processed job 5823e169-ea87-40f3-9b2b-dbcc4bd75b26 for file data/49813b35-7f5c-400b-8677-ac5496821f3b.txt
Processed job 47a2d199-ad90-4420-bfdc-6876a238f016 for file data/1b3e31b7-245a-48a0-b40d-fbd9a0a43f65.txt
Processed job a23acf63-d50f-4eac-ae4c-cb261b0db40b for file data/b07b89c2-6af8-4e30-a575-ce551664d1ad.txt
Processed job 107ad481-1a7a-4f9c-9057-3adc8b924f02 for file data/3cd4c436-e104-42b1-a586-c47c22f811f1.txt
Processed job 2aa4e78c-218d-43d0-8b3d-e3790f3c5a82 for file data/eee66489-32c0-4b6d-ae6d-97db02d27efd.txt
Processed job 10b8c2a4-8955-4be8-b129-0293718ef0c6 for file data/f9611e78-90a5-4312-92a1-4dcd8d9a9f2a.txt
Processed job 667818cf-ea1d-483c-93e4-2f5f45845911 for file data/43f36a4b-aa84-48e7-b07c-699955a507f6.txt
Processed job c9ce0ba2-5eee-4da2-a2b4-53fdc4ad74b0 for file data/6dcee238-ae6d-4962-9cc6-b9187aaa5884.txt
Processed job a6b403a4-b641-438a-9709-ec50e0abc65a for file data/48ed5b5d-ac32-4cfe-b382-9b5708932e12.txt
Processed job d984a719-ff28-4779-a53e-c6031b70243a for file data/09f98811-2069-4b8d-8691-5067f56535ef.txt
Processed job 6f8bb1a6-1c94-4424-ba37-cb884dff109b for file data/fb2ef81d-edee-4886-9189-ff92c811f3e5.txt
Processed job 59e0dcd0-7bde-477e-a446-aaf21e3cf7cb for file data/8a190e80-2acf-4137-87ed-bfda1c127128.txt
Processed job 663db198-b914-44cd-8847-8912917a22de for file data/1392e8a6-3d41-43e9-908d-5a76fb9da193.txt
Processed job 3fe3ebf1-7731-41f4-8378-195fb9d37045 for file data/e35172d6-0bb6-49a2-8bfd-99c8d2339f56.txt
Processed job fb01ac9e-344b-4364-affe-b7ec4e780c67 for file data/8e7803eb-38df-4e86-ad91-5c2b27c9525e.txt
Processed job d87de865-b696-4a48-8d9c-2ec7d4361907 for file data/487c92ae-a1f3-4f23-9852-c57f362719cd.txt
Processed job 7f288e78-5890-4b83-894a-8b19b3093dad for file data/0c8557a1-79b6-4ad9-88ff-8423c390f860.txt
Processed job ca12ec18-f554-4ad1-b8cd-45800eb21fa1 for file data/b67ae05a-03df-46ea-a7fa-0f84a3144469.txt
Processed job 19dec19d-3261-4216-bb36-0020dd6ceb70 for file data/54959adf-4b97-4392-9876-2bc8ab856358.txt
Processed job e90c7295-e5f3-4661-80b8-d14e93792fd1 for file data/cb5bf6de-f8df-4ee6-9cc1-9b503798077c.txt
Processed job cc73825b-56dc-425d-b566-619c00b7f97c for file data/676ba40c-9275-4c7b-b65b-a6e5906718f0.txt
Processed job e1ee8165-2549-4fb8-a542-a815895f0c95 for file data/6e627e7a-abf9-411e-bfcc-a6bb6dfad13a.txt
Processed job d3a99a2b-3565-4aab-aa8a-d94057155d8d for file data/3efba6dc-10c8-4d68-8666-b3a6fe4cd53c.txt
Processed job d1229955-0731-4fe7-8597-6829e4ca98a8 for file data/d6f055f2-1371-4ad9-86cb-066297cf4947.txt
Processed job a9f9bf4c-3420-436b-87b1-01c2db6cb319 for file data/3d547b6a-a424-4988-b289-ee3fb0a899fa.txt
Processed job cdb89516-5ae2-49fb-827e-25124a16458d for file data/a987b28e-9f53-4d58-9647-cf82ad5fe7a4.txt
Processed job f559ff2d-1871-49d5-bdfb-75a6a86761df for file data/a08d5319-d660-43e3-a3df-3e993f4cb465.txt
Processed job 7782c686-f877-48a3-9793-938f15913743 for file data/73987abb-bd59-4645-91fa-9b7335f0f026.txt
Processed job 2a2302b4-ff8e-45d6-8b95-3747ffa9abeb for file data/4d777c67-e7a5-4c9f-bafc-50dbffded3e1.txt
Processed job b8355ce5-c45a-4acb-83f0-4381e0221a3a for file data/7730a9cd-c57d-4c37-8992-eaf28bd6c285.txt
Processed job 6d3bba4d-8c85-4c10-8b4b-f92dd01b6d57 for file data/02c40832-1015-4bfd-9b5e-d5329b26aa72.txt
Processed job cf2d8add-60eb-4a0a-859b-49ec1edfd695 for file data/8abafcf6-cf59-415f-929f-f0e42ded6ecd.txt
Processed job c9186e02-142c-4956-9936-05885fb6f359 for file data/7b7d6a7f-ea27-4557-b9db-bcf83f25c21b.txt
Processed job 74e0a42f-2de7-4c64-b939-652bf8060603 for file data/3bb6296a-29aa-4aad-abd6-b9616e282783.txt
Processed job a71a546d-bc6d-462e-b414-bc5cd5ca1d4d for file data/c102b2a3-acad-4e6b-b15b-64656d43b8a7.txt
Processed job bcd6ce2c-aef5-4f61-a68c-45802b5462dd for file data/a7f09650-8df9-48eb-964d-fa997657addc.txt
Processed job 6b294700-7f7f-45a1-8260-8cec0d5a9e72 for file data/8636adcc-9dc2-4144-92f7-363dcfa6dde2.txt
Processed job 98b0cefb-6694-4202-a21c-0aa6a3d44c0b for file data/b6198b63-a665-4ac6-8628-07ab538c0c29.txt
Processed job f8bfd1ac-b045-4613-920e-b172372e5f4c for file data/cd4a4b8c-f16d-47eb-9ceb-0d4903fcb130.txt
Processed job ebf98654-a1ca-4286-8ac2-f4ac08777d73 for file data/3be13be2-888b-44fc-9755-2b83b0af46ec.txt
Processed job 26d37bb3-cf74-494d-adc0-bb99a3e48a2e for file data/814b6872-1ba3-40c5-81d3-95af90933e7b.txt
Processed job 89954743-9426-4109-b612-4711d5b3be16 for file data/c1edf749-29ff-49ec-b79f-075591653498.txt
Processed job f0653893-0efa-4e1a-9915-34bb8c3714fc for file data/ee6f1373-9607-40e5-b2c8-75bf9bae4ce6.txt
Processed job 991870ed-f83d-4bb2-868e-e36b15589a0a for file data/3b8cf0d4-0d6e-46a0-93cd-3c93a7e0f910.txt
Processed job f183135e-ee28-4a7e-b304-a1f4c483075c for file data/f9076fb3-94c6-4d0b-a1cb-fd288cc82fd9.txt
Processed job 9c42cde5-77e6-4516-a70a-a68d23a17ffd for file data/8147a118-a548-48a9-b95e-ef477211600d.txt
Processed job 53f84221-408e-4a2d-98aa-7326f2dec7af for file data/e65668bc-cc02-4f5a-a57c-8ff6b88a223c.txt
Processed job 5f561e21-add9-4660-b068-338b7e56b212 for file data/ff3c83cc-9a93-45fb-82ce-2a70994c26ea.txt
Processed job 2b546e54-5e96-4b4d-bf4b-794bab19e385 for file data/9f9c2165-69c6-4f3d-9944-6a2f8255e7da.txt
Processed job aa4e276f-5187-4b6a-9f56-41da5bfd2771 for file data/7525cdc8-a1cf-4e97-9210-23b80d8eb868.txt
Processed job f5c640a3-27cc-469c-a606-f09ee81d5b53 for file data/5570ec10-d22e-409d-8545-729a0df3d596.txt
Processed job f751ee1f-5860-4942-bd2b-12b189bfd9cf for file data/b1ed115e-0d0b-45d3-a78b-236932475809.txt
Processed job 0cb1a410-74b4-4ac5-823d-de111469dfc9 for file data/5558b856-2e1c-41ce-8f11-21c5dbe543af.txt
Processed job fdfa77a5-3d0d-41ad-8590-8feefbcdbf90 for file data/7911233f-1c36-4dd4-b044-baa0ba6ad164.txt
Processed job 121a1ce6-c807-4140-b34e-8619f25874de for file data/195ae2d6-6cb7-47cd-9620-1a49fe9246ad.txt
Processed job 2b19fbd2-b9e6-421b-ab01-e00873b94183 for file data/2010e6f4-85a3-45df-88ba-8f81ac55fbf0.txt
Processed job f490da53-1513-428a-be10-75d29585009d for file data/45f907fb-e7e2-4b96-a05c-5b8d6b044c3f.txt
Processed job 8c1d8594-a359-4362-a9b1-d4688cefc101 for file data/c159676f-320b-494c-9872-3b7ba9e16777.txt
Processed job 59bf1c8b-8680-4b80-b36d-5c282e955523 for file data/8eb2477b-5889-473e-906b-2c6150a11f64.txt
Processed job 324e9ab0-4062-4481-b412-c30114289107 for file data/fa13ff31-799b-4f11-a79e-75d093bec7c6.txt
Processed job 99c5397f-c8cb-4284-b860-058a730a6a41 for file data/cd890d83-f0ef-440c-9b75-198427eaeafe.txt
Processed job da067f3e-6edf-42e6-bf96-939225f63050 for file data/92cf80f6-ac62-4c1a-80a4-e77cd4429d6e.txt
Processed job 516640f9-a2cc-46ed-b0d6-56f4ecf7f9a3 for file data/9d2749be-0e04-446d-b858-66ef0eb43f24.txt
Processed job cceb8988-78fc-486e-b63a-b3a5ff52640f for file data/7d798d8c-f607-4600-8bd8-c2cbdf9a7588.txt
Processed job db7fcb92-10df-4e7c-9035-98bd141c28a4 for file data/0af51f9a-8737-4d1a-95ce-5d88d20de40b.txt
Processed job c41ab1af-9843-4f11-8156-3d20691d4d5f for file data/b285ea4d-9126-4d80-902f-0847eb085dd3.txt
Processed job 30e4d67d-f195-43b4-9ec0-1a66a72421d3 for file data/529e9d14-1b22-405f-a75d-54790188661c.txt
Processed job 8c425d98-9ef1-48ec-a638-6a74ec2f30ad for file data/56d69590-ae55-4d3d-91d3-31dc5f4d0fc0.txt
Processed job 9b50d147-8fe4-4962-b531-78bfdf88a442 for file data/72ad0daf-617f-465f-860f-2b225656935a.txt
Processed job d75b132b-d794-48c3-9ab6-3865a2e7aef1 for file data/daa2f22b-c753-47ee-9cd3-5a773328b131.txt
Processed job f8e4016d-ff51-42ec-8330-716539c3b183 for file data/12b9e124-2f3a-48b8-8c25-e106ae115557.txt
Processed job 116a9127-ed94-438c-8fdc-caec6546a07e for file data/fd8176cb-b728-42dd-82c3-8a159717be38.txt
Processed job df7309ee-fe3d-4764-b020-4a764fee3030 for file data/ab0986b8-46d8-4c63-9e79-8378a1cb96bf.txt
Processed job bd62c148-5fe3-4be3-abb8-8eebdab72fcb for file data/d7e858e2-e820-4256-b6eb-9dbd03d0ff84.txt
Processed job ebebf7b8-c20f-4b00-a880-4af5f53120e6 for file data/5ca77b97-9ee5-49de-a183-e2b9264903f5.txt
Processed job dabff3e3-79b7-4f41-839b-7993fa950927 for file data/fcda064d-f650-4954-88bc-8bbe51fb77a2.txt
Processed job 0d9083e3-ee4b-4519-93c4-3dbeecea7d0f for file data/b5073587-650f-4420-b4f0-5c29950a93df.txt
Processed job a53cca78-d172-44c7-bb14-39620f73a597 for file data/743a68c1-e278-45c7-85f2-ee8036d0250d.txt
Processed job 3c3ab9ba-4e38-4dcb-9d0d-95c29aa63c71 for file data/a05b03a2-e738-4d41-b466-4c9a198d2061.txt
Processed job beacbb23-1534-47ac-a6b6-c5f622050460 for file data/aa093104-1b21-4398-9b36-1961c7f5eb34.txt
Processed job dd404d47-1174-4031-b963-320d7be121e1 for file data/bf28f037-1499-48f7-bdbc-916a48a55b11.txt
Processed job 381603aa-67cf-4619-9360-c9b3f344f9ae for file data/8ffab61b-5bda-4e5d-baad-a30968c8f315.txt
Processed job fef7ab15-b97d-40f1-b12d-e1cef5fa3d15 for file data/26842f5a-769f-47aa-b854-4dcadfba4927.txt
Processed job ed0d590a-9bbd-4c05-a99a-7178921df114 for file data/b14b121d-be6b-43a6-859c-236e71b0aaf7.txt
Processed job 42e2c4d3-b6e4-47bd-a8bf-e4b6a669a437 for file data/698efed9-ffd4-4da0-9864-9d71a8458d05.txt
Processed job 7e675ae1-0f05-4998-84af-05a8a8ba9792 for file data/f7c4a1d1-c437-4cb2-8d9d-47166ef07e11.txt
Processed job 0eb778aa-3ea0-4474-bcb1-e4b82cd72ef9 for file data/688e8392-a123-4c96-a4c9-a3e0f2fee07e.txt
Processed job b9814130-9330-4700-b334-6688296ee04f for file data/b9f0630b-0e81-43c8-98eb-9e7fa2c37130.txt
Processed job bb74f9a5-7c28-446a-828f-3b724c7c143f for file data/ce80a09a-6b4a-4e36-a8c0-f381c09ca7ba.txt
Processed job fc6c5767-bf47-480b-8277-18a3d6e46a7a for file data/a7694d2e-374d-4644-a17b-ffb0037fe945.txt
Processed job 00b950df-c399-40d6-bad0-d62cf2dbf10b for file data/4a3a366d-c93c-4a1f-a64a-a08e3a1e74e1.txt
Processed job fd7588ee-ae8e-4246-ad5b-068204410379 for file data/91e9090b-b1a5-40ce-a823-fbb885976653.txt
Processed job 7de17b23-fe37-4abe-b1f9-e6cc457ea9db for file data/da78db6e-46b7-489d-b355-ca3fc34f753b.txt
Processed job 4e945a47-bc0d-408d-8091-b3266feb715c for file data/70af3daf-14ec-447f-9577-258c19f7f0f3.txt
Processed job b137c174-cc6e-4f7b-8abd-fa8f1f930894 for file data/0b162c65-aabe-4db0-8849-d257186e6536.txt
Processed job 7182aeef-259d-47e3-aa95-e9dd6838958e for file data/f891ac00-6411-4294-9b67-f335ae1cf825.txt
Processed job 17fde786-ecdf-4b84-b0f6-c2cc4019e7be for file data/820eb930-b265-4d1d-b32d-fe3f6665e85f.txt
Processed job b427559a-054b-4cf1-a94b-bb7c41695e2e for file data/195548ab-747b-4fa9-8503-e8e3c6859e0e.txt
Processed job 2ddcccbd-6e07-4880-9a3b-62fb8e625719 for file data/af210a1f-9e62-41ec-a374-6759ce32affa.txt
Processed job 7d6317e2-b6d0-45f7-8ef1-9449e7374bfe for file data/b2904153-0ade-4b16-b6cb-a832ce540106.txt
Processed job 1f09be6b-7e18-4c34-be80-b9ba4fd49810 for file data/0f24cf9b-73fb-470a-95f8-1b27e3c06c3a.txt
Processed job 117d01b9-78e0-47a9-8070-73b038be1303 for file data/f35a19f5-0823-4421-b713-b303ee3174ec.txt
Processed job 4f550c2d-f571-4b71-9340-b82ab5313514 for file data/05f7eb2a-9c6b-4f46-8380-440ccea2a861.txt
Processed job 4ef74951-bfc2-4044-900a-f537f89a51e5 for file data/42f8cbb2-6b54-4448-bfa6-5e8a8a443977.txt
Processed job fbb48329-3e82-484d-b279-a61a3b07ea19 for file data/37aaefa2-f2ed-4e84-8711-059a95d98e32.txt
Processed job ab27ea47-0cd6-41da-8ce8-e5571d51fd84 for file data/b5c84af3-f010-48c0-99dc-b683f2355d4e.txt
Processed job f924d497-f3a8-477f-9d0f-dce09d05f7cf for file data/683d9a5b-76af-41a7-bfbd-76ebdcf70697.txt
Processed job 0fb052b5-9b3b-4609-a8c0-71176691d56e for file data/03588d50-dfc6-4cdf-9c27-2a13a29349d1.txt
Processed job 5488e496-5481-424f-b4ef-5ac2da766c18 for file data/52a4a003-466a-4867-9e9e-1b78540b7532.txt
Processed job 6cd60532-a9cd-417d-8dbc-b1889a9e5837 for file data/4a499a6e-6eb7-44d7-b4cd-28ec0ec842d2.txt
Processed job db840c9c-39e4-4b2f-b36e-4231b2c0a97a for file data/1ea13992-97ed-48c2-8f2b-3d15a52f544d.txt
Processed job b5cae93c-f9f5-4245-a55d-d5e59b7feb36 for file data/047a8c32-fdac-4f9f-a4ea-5fd903d73954.txt
Processed job 892a3706-1d24-4606-ada4-60cbcd18e355 for file data/28b064ac-81e6-4311-8d80-9c3e376ffea4.txt
Processed job 579584b0-fe46-4cb9-b205-127f647a7139 for file data/d0e18e5a-0b02-46c8-9fa2-e26fbc499c43.txt
Processed job 11f7c166-819a-4e91-80b9-21c960d7d8df for file data/7910df19-1e6b-4630-ae33-7e4e84a717e5.txt
Processed job 0f51b769-1754-4b2d-af44-e7f74dd6c802 for file data/9576e70c-20b6-4012-a92a-9058c86cdf7d.txt
Processed job 8ae6ffdd-f015-4c19-a87e-7b034db10d89 for file data/1c422ae4-2023-4f8c-80ca-0f4400cee919.txt
Processed job a9ce71b9-4f88-4783-923f-119becd90081 for file data/97938bfe-ac16-4374-8770-6a3a38a83d42.txt
Processed job 485db7fd-23b8-4dcf-a051-feb62a9e6ce7 for file data/b383797e-38a7-4249-9f74-308acffea5e5.txt
Processed job efaf72af-15dd-4a42-9786-88d38c4f0f24 for file data/241fd08f-30b4-49ea-9b7e-dc49d06b53b4.txt
Processed job 503bf46a-06de-47d9-8ee3-ad88e38d39bf for file data/14f7e449-bdd0-44c2-a0cf-25f5d0fe4da8.txt
Processed job 562baca6-27d9-451a-b443-b56d671cc200 for file data/add6b958-3423-4133-ba6c-39cf0ce69fd4.txt
Processed job c3a82679-4072-40a9-9e73-a988b4ab6bb3 for file data/e598de09-4904-4d5a-931e-15d23fd52f79.txt
Processed job 5407a742-a68d-49c2-b03f-64859bb3fa36 for file data/24a5b7e9-7922-4756-8e32-dc97d4f1c9f5.txt
Processed job eb271658-e48b-4bf8-b4a4-666c460fb7ff for file data/809e9754-1af6-41e2-8ab6-a012d52a697c.txt
Processed job da33f54b-849b-4cc9-9777-f4af4b613d93 for file data/d3dd12a1-b163-4f72-89d7-9e72e6a7fa86.txt
Processed job 68b1193b-a43c-42a0-b6a3-2eebced1d17f for file data/a51df80a-5e90-403d-9346-9345ca981988.txt
Processed job 852f6005-6e75-4822-a7bc-30b92de5c3e9 for file data/01419473-e0df-43ed-8f21-fa81a2f559a1.txt
Processed job e3ed9730-e356-4d7e-96f0-f6a14b6ca88d for file data/92b43e40-5071-48e7-9e27-a857990bff0e.txt
Processed job a92c78f1-3f9e-48f5-b402-3e0b985c919f for file data/4117eb68-74ba-4dac-9809-199382a294f7.txt
Processed job 5aeac5dd-c252-4b9e-b062-4498482cf580 for file data/e2ca9b1f-bea3-4ad7-b3e8-1a3ed7e9628d.txt
Processed job 3d6fd79f-c51b-44ae-8d43-2af3a0b399d1 for file data/0cb98bfa-643f-4989-b19c-4bc91bb17245.txt
Processed job afd0bbe9-61d3-4f53-b76e-24980ec9a4c5 for file data/ba31d14c-a197-455a-978d-bf99893b00d5.txt
Processed job 2799b20d-f0a3-42ab-9c6c-c4dad1e4701a for file data/5447132e-ee87-4aed-a7d2-924b968e18d9.txt
Processed job fdca2f2f-0ea9-47c6-90b6-6ed65879fa05 for file data/f1b8171a-8c3e-49a2-af81-194bab05efe9.txt
Processed job 4e72f52a-090a-4d4f-958a-657652f3d79a for file data/c2024cf2-593e-45b6-8ade-f989299e29a4.txt
Processed job 29cd0a1b-3f71-4c85-a1ad-2125689ab3a2 for file data/7270900b-73c8-4c78-af73-e6869790ceff.txt
Processed job 24695ce5-f251-42f4-afb4-0ad2258525ec for file data/8a729f62-80b5-4769-bfc3-cb8ab1a49dd8.txt
Processed job 816f9320-c3a1-4b6c-9d63-d556132f7934 for file data/e40ddde6-6f73-44e0-8a1b-499c33b856a0.txt
Processed job 0e3b13ad-290b-45df-8149-0bdd037403f0 for file data/e0789a0b-c98b-46e0-ac88-2f6c6bd179da.txt
Processed job 3af27776-db1a-4b28-8d5c-3d14f64d5f2b for file data/90f1591d-b919-4229-95b1-27a4ae52f010.txt
Processed job baf71e8c-38e8-4da2-880e-4682384c7070 for file data/2997f12e-6244-4756-81c6-0a9869175dfb.txt
Processed job f731909e-046f-456b-abd9-41035342cd75 for file data/1126892d-e678-4c86-a783-2067b799de6f.txt
Processed job bf668638-5198-4ac8-9a7f-3c920a2c6ff6 for file data/e5ac8521-21e4-4223-ac63-b418a56859f2.txt
Processed job 504c5040-39d3-41c8-b124-d0668b203aa4 for file data/55521fdb-b560-4d83-b591-5a294a49561b.txt
Processed job 10f3bb4f-753f-4a91-8a8a-5a79b1833e95 for file data/245e515b-97a3-46df-bd18-3c8b65340337.txt
Processed job a18338f4-03ab-497e-848a-2a04cb7a9cd7 for file data/e1b20ff5-757c-4866-a8c6-ffa0c2319f72.txt
Processed job 3b079ef6-53bb-4e08-b68e-c446aacbe50f for file data/bcdf99c7-21e8-448e-91e4-b69c7f7d03ee.txt
Processed job e26940b4-ece7-48cf-aed2-d6ef7fd5ea36 for file data/6f068fc1-af67-4eaa-b363-aff1ce2cf90b.txt
Processed job 0b771110-9fa3-4345-ac11-683fd7088648 for file data/4f287db2-8a25-491e-9f62-32abbdfc9412.txt
Processed job d55cfb42-f33c-4a8f-96f0-78532f764137 for file data/9a957088-c0be-4821-8f56-b6a19ad1707f.txt
Processed job 80086259-413f-44f8-90ab-44234b1a6cfb for file data/f5f20c93-923c-426c-a2f1-69c56ba42844.txt
Processed job 9d5633c0-5a49-49a7-822b-a270d94d7f6c for file data/9183a070-4be4-4d53-9db6-52bc867661b4.txt
Processed job 2abe9488-5867-4995-a8b0-044d579e7399 for file data/1bc3391f-b523-408c-9e6b-a79f6d52f5cd.txt
Processed job a4a47d7d-89bc-4665-98c6-df118beb6b92 for file data/26f2dedd-d12e-4e7c-b97c-5580c90d454a.txt
Processed job 8cd8bc3d-12ad-445e-8fbc-f24960ce2911 for file data/55b6c98f-908b-4f8b-9027-ad33df07bc1b.txt
Processed job 94c98777-afe8-4f5a-9009-c532d917cafb for file data/bc9d98e6-8f0f-4268-9098-02881e84d6da.txt
Processed job d204e8ae-d68d-493a-b4a1-fddc138c975a for file data/d82d35da-8fc6-4adc-aea0-cca7a2729c2d.txt
Processed job d04cad69-1685-4e52-a030-2eaa8e623d91 for file data/72a9f1a0-5bea-476d-bdc5-d8c7cc84fc10.txt
Processed job 422167ce-d9cc-4f44-88a1-fd2776c3715b for file data/b0201671-6f1b-4586-a945-6f3bd5937e30.txt
Processed job f529d46d-2ff8-4fb9-b23b-b2d5b734ecff for file data/b473e24d-6483-42fc-b7a9-8848b28199ac.txt
Processed job 13874643-3eff-41c8-998a-7c990e12c3f0 for file data/d1d0d2c6-247b-4d38-ac8d-9c3b1e682857.txt
Processed job 4d2817bb-b114-4838-8fc7-ba5d64a37701 for file data/010da9c4-2d8b-48f2-8cdd-da49a85e1dcc.txt
Processed job 37d93fe3-6a71-4e86-a481-9edb02398ba4 for file data/7bf9682d-3d51-4071-a4b0-276306c5caa1.txt
Processed job 389e3b52-5d3c-4821-a489-4ac1db30c385 for file data/29b42fee-f56f-48b1-83c9-929fe7cc3173.txt
Processed job 764b8661-25af-4cbb-9b39-caf288c94aa1 for file data/dc1c83c7-90e5-4a2e-9878-b7089b25814c.txt
Processed job 621d5a82-808b-4b01-9d16-29982d136d51 for file data/0ab770c0-f924-4b89-9fa3-31be667a0365.txt
Processed job 4094d678-57eb-4d41-9b88-b8129e76d635 for file data/709c4651-9634-4256-a436-ab1f461441dc.txt
Processed job 16f56d36-c358-44a2-b65a-d2a8bbb07ba0 for file data/2fcd8442-f285-4e6a-b0a4-205fb402026f.txt
Processed job e7fe27d0-1e33-47ae-b47f-28e79d09dbaa for file data/a83384d1-a064-42d5-a1fc-c8c74135f3b2.txt
Processed job d3c9ac53-17b1-4c50-8c9c-1d2a73d53ea9 for file data/7a5f4e79-d041-4604-96d6-db60d4633c24.txt
Processed job 595997dd-e7c6-4f59-9344-47893e1ff5a6 for file data/1d272a98-bbcf-46c0-9bd7-9f02d60ca61d.txt
Processed job 4bb035d3-ac1e-4679-94d8-4b551a69d697 for file data/66593655-d878-4ce1-bd99-3352df26cc58.txt
Processed job 49007fd0-26cb-4f41-95a2-fe58586b6172 for file data/0065f8e6-02e1-40aa-9fd6-cea3fa67078e.txt
Processed job 2d82b3e3-bf6e-46c8-9763-c31013e4abf0 for file data/a22f0e42-b95a-4194-9f90-30fa5a324be9.txt
Processed job 6922f64f-1de4-4fe0-8eea-b4b171dd3b4d for file data/d79c3a41-c122-4bec-83f8-79c16fdb875f.txt
Processed job 77868a6c-1212-443d-9955-ea23013a0ec4 for file data/5eaacb0a-e6c5-4c3c-9864-e3086e3bc9f4.txt
Processed job 8129603d-8004-4a50-b868-57498457a232 for file data/6bb27ec3-12cf-414a-b831-ebe106041c46.txt
Processed job f9384bec-9668-4470-846b-fe090c4f44f0 for file data/5b782a05-4684-4377-979d-aeb09aed0981.txt
Processed job 29cae02c-0d17-412d-8442-85b554f1eca7 for file data/a17d56a8-4280-49c7-8bfa-2ea2af96ca02.txt
Processed job 642918e7-384b-43b6-85cc-1d4e08de8677 for file data/bbb24c0c-e76d-4a29-9686-e23f90575e89.txt
Processed job 37563139-8311-429b-b6de-b19330291221 for file data/1c4c1ba4-588d-4eae-9e01-78f2f2ab06d9.txt
Processed job c1c93416-70fc-4439-88b0-949806fd7515 for file data/ecea3859-6ee4-4779-b129-aae1d1c217d6.txt
Processed job efbed7cd-6a1f-4b71-bc06-334854ff0180 for file data/2850da71-8e0b-432d-b81a-75f93f9744f7.txt
Processed job b7c93533-4838-445c-888c-4a0a6f1962ad for file data/fe215af9-0b6a-4039-b6c4-8e43ea3e6bf9.txt
Processed job edc7a4bb-dbd6-4bc3-8117-76cab8d476a4 for file data/d8b6b190-91fc-462e-b8e6-8ee376e2b940.txt
Processed job 8b6ce845-573a-4b64-a463-776ba5c157a4 for file data/09dd8e0e-c811-4255-9a78-28d1a22ff80e.txt
Processed job 2d69b9ea-95f6-4c3e-bae8-da544fa01e20 for file data/d28c71fc-b69a-4f77-b788-e5635b6d9ac8.txt
Processed job 4e2c16a0-dfb5-4b8e-9961-36a0836b1a93 for file data/a9880e29-92e2-4999-a445-b6b6b2693aa9.txt
Processed job b0c1538e-b1e3-49f2-87bd-f7a9ba69f180 for file data/6651f085-d5c1-46db-9ee5-f4e9efeaef46.txt
Processed job 11c1585b-293a-4f20-a576-70b4c134289b for file data/8740cd46-cf3f-432f-8aca-7fc4d10fb8d8.txt
Processed job f49dc582-2c1f-436f-a801-2511537535e1 for file data/581954e1-27ee-41c2-ac5d-ffd36863ed5d.txt
Processed job f24f7129-68bd-4c1d-bb7f-fbe701417e65 for file data/e8110d80-ba79-4ce2-80ab-f6690f21a587.txt
Processed job 2ec70f32-d6db-42e2-9ac3-90360956fc13 for file data/6b42c2ce-590f-487a-b8a5-de2b5824986d.txt
Processed job 55f2cec3-aacd-47a7-90a0-85b8dd02420f for file data/6b4d028b-86e6-4574-91e0-2a417088c998.txt
Processed job 7e4ad33d-4902-4778-96e4-86b3fca863d1 for file data/f46d219a-6a14-4fb3-ab88-4976a902f47d.txt
Processed job 25b62603-5be3-4bc9-954f-6035f0476dc9 for file data/8cdd7f0d-18a1-4818-916e-dc9954761bdf.txt
Processed job 60ceea5d-98ee-4a0c-bf02-c3a99a095c12 for file data/861f0d0b-5067-47ab-8484-7a1e5c7c3457.txt
Processed job 159a532f-c131-4680-ae2a-ffdc40c85b3e for file data/6c34833c-f3d9-4fa0-bd90-0c709b79dd37.txt
Processed job 47df7713-09fe-4e56-b546-b319e80fac9f for file data/1e77e2fd-2480-464a-a3e1-770fd368c238.txt
Processed job 1f02381d-453f-4a06-85d4-a75255f007ce for file data/7401e81e-9a73-4328-b816-e605b43dd7e7.txt
Processed job 29298e2c-9a0b-4d4c-9780-79bab35aabc1 for file data/7f66d892-e2fb-4708-b2aa-1c8056efac21.txt
Processed job f867e041-3e38-49b2-ac67-f298f4a5a2fc for file data/78c320aa-5f11-44b3-a3fe-aaf8c0ed2d73.txt
Processed job e6ab2e14-c899-4912-ae3b-d30acfc4988b for file data/1335e06c-86b2-4473-8e30-bba8876f0202.txt
Processed job 37c22ab4-8753-4bd6-9408-d511ceb9383e for file data/daac7790-8a28-45ae-99fa-c98c96aa29df.txt
Processed job 0f13b51c-7cab-42b8-b69c-03e288d849a3 for file data/8ae39fd0-c895-4b8f-8306-0985ed453ad9.txt
Processed job c89512b2-c5e5-4dce-8037-59b0208ed70c for file data/e511354a-7266-4dad-a549-5c86b41a428e.txt
Processed job bd860cd2-9d7e-4301-b2e0-d56621184aae for file data/30ae94a5-f258-46d5-b1db-723a9eabf4af.txt
Processed job 6a3c14db-ec52-490e-aa9b-bf324e882500 for file data/e5499aea-5b95-487b-8893-7815d9058d17.txt
Processed job 69f0c290-054b-4ba7-af17-6c36d635676e for file data/1396c8ab-dbc2-4993-95f2-79f1ac793f58.txt
Processed job d03a4b3c-ca8d-4df6-b1e0-cc6a56d812fb for file data/ddc38861-4f8f-4f6f-b825-569256923653.txt
Processed job 207d9b19-78b1-46f6-b8db-4c53fb3394f7 for file data/90fb179a-91a7-4b46-a02d-0f6adb10415c.txt
Processed job 478e9bbe-62da-4fb1-808d-2868268a8909 for file data/864044f6-5167-4afa-a777-e28e15b48168.txt
Processed job 79db9823-40ca-44e4-9a0e-4c07c8747087 for file data/34d12e81-7c32-4149-8f6c-bf644d41effa.txt
Processed job d5549f35-d5f8-4231-b578-0958f1183b6d for file data/bf82c60e-7015-4054-a8bc-9cc4ba4d6ffb.txt
Processed job c109bce1-889d-4d2d-9bd6-222f89f2c435 for file data/7710bc1c-7932-439c-9532-94d6a7797b5f.txt
Processed job 8cac66fe-0642-4c31-9034-0b2aa07cdcb1 for file data/1da0ba32-f87a-449a-9d60-64f2327067d0.txt
Processed job e451d7e4-238e-4b07-b098-abe49890caf7 for file data/94e3b4bd-a8b2-497c-9fa2-d9b70d504f3f.txt
Processed job ed55fff3-bdff-436e-be80-43e8fa22ad72 for file data/096761fc-17d6-4098-86b5-34a241d3afe3.txt
Processed job f0bf7a16-75ed-4aa8-a3b4-4c7c1acdfad4 for file data/48857f3c-18c8-496e-a2f2-12b4451f41ac.txt
Processed job 9def94c6-cd73-4938-85df-01ccb8b16767 for file data/b11a086e-17f2-4e57-b339-7ae7724f90c8.txt
Processed job e4db5568-365c-4c00-b932-c379e94f1297 for file data/08577a7f-7967-40cf-aca0-6fc58f8a02e9.txt
Processed job 10d8f636-2c02-41b9-8b0f-76ba12db1ac2 for file data/9983d7b3-3c4e-47b4-9267-61962638fde5.txt
Processed job 180d68be-9ffe-499f-8ca6-2e637cbb0bb7 for file data/5be572e0-5271-4e53-990d-3eaf36d43adb.txt
Processed job 018c7c91-fd5d-4085-b07f-8d39326336c4 for file data/48497e05-0e11-4f34-9406-9afa5a8dcc7c.txt
Processed job 2ec3b52e-b7f0-4495-8006-dfd24fba51ef for file data/5681724c-15f0-4a6d-b00f-29686798be13.txt
Processed job ae1a9a2d-089d-4901-9c24-a100a11ddf95 for file data/9a54a653-86a1-43bb-87bd-fc1d5a350b38.txt
Processed job 3176c9c2-d9ec-4e04-ae84-525900ed8255 for file data/75c84db6-2a25-4a46-8207-e0bbd3d42ad4.txt
Processed job ebd0f772-8b11-453a-9d27-8caa62db392a for file data/b392608d-f8dc-47db-9e8e-c3b0cecc65a4.txt
Processed job d4d154e8-e1ad-419c-a7db-22b802750c71 for file data/6489f435-2997-449f-97dc-f61abaab904d.txt
Processed job 49b2b7de-d4cb-49f0-86a7-6ab0cd00096e for file data/cef8d81a-07e3-421b-9419-46b2c0bd8805.txt
Processed job 95056860-94a2-4914-9775-146b3377b7c3 for file data/dc99099e-ef00-4e9a-99f3-e7d5cc6d9570.txt
Processed job 7f02862c-a7b6-4332-85ff-5c87781b9057 for file data/df7cc0b4-1842-4afa-9b55-1522bbc862b7.txt
Processed job 563556f1-57cb-40cf-8a97-f293a9897207 for file data/b7b2cfc5-43a3-4f08-a57a-74f40275a27a.txt
Processed job dd079f76-03ab-42d6-a3b7-cbea286edc42 for file data/0115267f-d277-43e7-9a73-710bcefbbd03.txt
Processed job 62233458-5d10-40a1-8019-9e1ad432c121 for file data/7e4f9649-ca9c-4244-8e1c-99d138c3ada3.txt
Processed job 549ffd23-a208-41f4-9ebd-00078297f663 for file data/5c450e7d-662f-40b3-9503-7fc3136aab10.txt
Processed job 5320a276-cd5e-4f68-b929-a1f0acdc26dc for file data/2dee990e-b0af-42e4-8623-e35274e1530f.txt
Processed job e62b475b-fb3a-4a93-95c1-306051f3857f for file data/5f2cbf09-6fa5-44e7-a576-8dcdf04088cc.txt
Processed job 64187ec1-5b35-45f2-a5fa-8d91c92a8b45 for file data/9b4b9f67-dfcf-4a17-8444-74e38a140255.txt
Processed job 192cce62-81a9-47c3-a5d0-659937d3a2e7 for file data/14864954-7bd1-4fcc-bf7d-1b52415b97da.txt
Processed job b30877f2-c73a-4fb8-8261-8197b75be47e for file data/eccf6c5d-6d27-4ab1-a428-823c6b0734e8.txt
Processed job 07e6a49c-9437-46af-9a94-1347fb92ccd0 for file data/a2f11cc6-f406-4316-a5fc-0a266e5e46b6.txt
Processed job 78b8b53a-ee1f-4be8-890f-6656e975c1e1 for file data/a9d12ae1-3a68-45b4-b446-4861f9859117.txt
Processed job 937a0e20-ef91-44d5-95f1-6dad9ff47af4 for file data/52032aab-81d7-4def-b1ed-5407b4a697da.txt
Processed job f4453247-6e3c-44b2-b3f0-67d7893e2629 for file data/7c0472ae-3dfa-4ee6-9322-befac48a3ccd.txt
Processed job 2481969f-23d5-4e73-bcb0-02a30f378b42 for file data/94bb7c0c-7e4b-4710-b7df-bd9441cc521a.txt
Processed job 9b9a063d-6642-4222-ab60-147d25cdd9b8 for file data/6245950c-4259-433f-af56-c2389d615ca9.txt
Processed job fee2fef4-1788-400b-8bb8-eca605802a72 for file data/1f6d4e37-446a-46a6-a622-5b077b3af557.txt
Processed job e8c3fab6-72b0-462f-be09-6210f96693ff for file data/2e8a24cb-1b06-4d13-80e7-cd7a047fcfc3.txt
Processed job fb232802-54a4-4d29-bd7c-9c98b3c36181 for file data/59be52cb-d408-48aa-a4b6-1cd4cbd5883b.txt
Processed job f9b1e5f7-aca7-4e74-b8af-0fc4b5c6fd85 for file data/b4865393-d34c-4212-bd9e-c543ce1ec0fd.txt
Processed job f7bd0b27-652c-4f43-beb4-c0d973caf786 for file data/10723b3e-ffc3-412a-9b80-34da69df00f1.txt
Processed job c7935756-ab5e-42a6-a2ac-64de4fc26f7c for file data/8aaa464b-8542-422b-a36e-f93c0cfe8c30.txt
Processed job 6e82a379-93a9-4cf0-b917-10dbc970652d for file data/784aad13-999a-40d6-a6e1-d08ad75e8115.txt
Processed job 5a1b69ff-fc8a-4e82-a0d3-b8c172ba3bbc for file data/0dd94c81-d377-4446-8594-d3667bc7f4fd.txt
Processed job 8df8fa99-3444-41c8-a351-4f84ef0264cf for file data/7d8d8bb9-69ae-4bd7-ac92-aa1a31a0c719.txt
Processed job 0bb6f30a-e688-40a3-b4c7-ad31539f4070 for file data/daf4f2ea-5b90-418f-985f-50d2dc0df2e9.txt
Processed job 79c8bc86-3cc2-43c9-b5ba-78b8f8d70ee0 for file data/cc26123c-c4e1-40f1-b423-5be34e5bd9e9.txt
Processed job be9f5c06-548f-4b32-b65a-1d6e5b5b3e78 for file data/6a150669-2a15-4bf8-9dc8-23e3e7c3a0d6.txt
Processed job 176fb99b-ef4d-4fff-9637-3167f0e9b1c8 for file data/06d3fb87-9d52-4fe7-8cf5-0b34cf721d90.txt
Processed job f92519c3-98d0-4b27-b305-8aa94ff03bb4 for file data/07722596-a8c3-4601-bfcf-99dcf39c4f41.txt
Processed job 0b5680f4-ffd4-4e6e-bd06-e26bacd21b1a for file data/d0b9ab52-d109-40ec-816c-1e5c4d656ee8.txt
Processed job f51db378-2de8-49c9-a238-13b6ea0fbd25 for file data/8b98baf8-fd6a-41e9-93ef-adfb3044fe83.txt
Processed job 1ade3407-40ed-47bb-8e7c-a4f43d00c327 for file data/bf7420d3-e6f6-4e01-8bcf-d974349a4e10.txt
Processed job 8fc43f59-aace-46a1-b035-08a4b2684e6e for file data/37cc4925-aec2-4880-9f78-712c58936e43.txt
Processed job 595136d5-762c-4b52-b952-6cfb54644efb for file data/d2f12c92-c44f-4cfe-9371-2039536f7609.txt
Processed job c22a7160-9b05-4b71-89c5-2e6bf0bb5613 for file data/200c69d0-f1ba-471b-b1f8-17dc0ebc0d72.txt
Processed job c7098c7d-5a4e-48e3-a702-73f789bf6bb5 for file data/0a23ac6c-1b19-4d8b-bf0e-13b0412e7931.txt
Processed job 482fc07a-ceb4-4cd8-8650-49c2714ac25c for file data/9b82e101-4a18-4475-8463-5dce4a5f8e7b.txt
Processed job ddd84822-0b7c-49a2-a329-cab6ce194483 for file data/be931767-8762-47f1-be45-797c566c8e2a.txt
Processed job 76bc3444-4aa2-4489-8ea3-f1cab1deca64 for file data/abb2db77-c146-4f86-831e-961b156a17a3.txt
Processed job 1ac17577-6bce-4464-b43d-eed77ea8043b for file data/aa82eb77-4406-4af4-a577-aae0399d6bc4.txt
Processed job d94fca07-afd5-4f81-8459-7f2e96c0a719 for file data/150727c7-0b22-4f5b-9d54-89c859460815.txt
Processed job 41fa65fd-8ca5-4145-9640-f4e42fb1478c for file data/d72f58af-51b4-4ece-b65e-37ad7c8a40fd.txt
Processed job 24227341-1f52-4c77-883d-63d9e9d23a78 for file data/1619ea1a-8cc8-4b52-8770-bfcea39b6fbe.txt
Processed job 1994676a-9243-4316-a886-c343cc3af12c for file data/21c4bd89-6da4-474a-8a96-5378e9a0a5ab.txt
Processed job 073738e5-0078-4901-b72f-40789dce3a5c for file data/1ed152d2-f6a9-438d-88ae-9bc5f5628f63.txt
Processed job b4a634ac-95be-49c0-9c3e-c85be17e4913 for file data/a3725c43-c47c-4999-b940-9552da53a7a4.txt
Processed job 6d67b022-ad5a-4897-bc47-26d36afedd7e for file data/78279166-0f80-41ff-9d57-84c5d577be7e.txt
Processed job dc1de3bf-8f84-4d08-9d7a-3fcc6ec3df3a for file data/00b311c3-027b-4a58-b0e6-8fe88e16c8ec.txt
Processed job 2560a797-b202-4522-b072-a26019c74b34 for file data/99a23cdc-d160-4eb1-a467-98efcbe917a0.txt
Processed job d088778f-1f82-48aa-952f-82804ba39ff9 for file data/6fba55ea-9a27-4161-bb08-55132e4f589c.txt
Processed job 14df993c-f2aa-45ae-a8c9-f13db0f2dbcf for file data/4adac9e4-c195-48c3-8eac-97f2b4b85a33.txt
Processed job 2b587695-c6b2-4834-9085-e9adf6fd9164 for file data/276445aa-39f0-43e1-adbe-375b5504c422.txt
Processed job 5164fd60-20a4-4485-be28-95dfcdc2e6b9 for file data/ce1d338f-8af1-4e73-a10d-da4426022998.txt
Processed job e5db9a52-576f-486f-a258-0b8d218b9436 for file data/1d0c35b0-91f2-4155-8bb8-e8f85fda8205.txt
Processed job 6f4d4d09-d852-4503-9423-46bb00266b54 for file data/de1e3866-d30d-43a6-9dcd-731e9841d8ea.txt
Processed job 10e69403-6d46-432c-b2a8-aae51e2e50eb for file data/2d250bf4-2fe2-4fa1-9092-b933302506cf.txt
Processed job 20f1f311-c553-425a-abc0-6d1f27a6852c for file data/4f4c469c-21ce-4bd6-8735-8af458bc9fec.txt
Processed job 2892b7d9-0cdc-450e-b798-e76316438ba1 for file data/9c6495ea-68be-4426-99a4-65597f9a8908.txt
Processed job bfea6d59-36a9-4543-8daa-5c829f352944 for file data/176da8f0-280d-42b4-999d-90f65d3fa428.txt
Processed job 8b0771c3-8b07-42ba-b804-92be019c4c06 for file data/fcb0c3a7-37f7-4af2-9c04-4df674d7cd87.txt
Processed job 4b7f1d7c-3844-4615-8fa8-48047015b18f for file data/cf682be8-3c8f-4f8d-8b3e-60b38c1fbbe7.txt
Processed job ebc959b6-3673-4130-aa0d-66b9be3b4122 for file data/0ba53e3c-1873-4fbf-a120-a9fd4776390b.txt
Processed job 133e515c-2f02-42fd-b461-1b35ad6a1406 for file data/6a077fd5-74d1-4a12-868d-e2e393062faf.txt
Processed job 744ddb49-37a1-4ca9-a03e-defdf0fb24a6 for file data/0a801e45-1441-4534-a7e8-99bd955005fd.txt
Processed job 29e1045d-6a79-447e-837c-8bff7897ee2d for file data/a3638b59-6996-4d7a-9551-c4e4d36f44b5.txt
Processed job d0a26997-eba8-4e3e-a308-edd150afc0da for file data/6752e47d-8bb3-472b-904f-cf4f34395eb3.txt
Processed job ea98b307-3c8c-46d1-b837-9bf8e937e5d0 for file data/4ce700a5-f844-46fd-971a-03df7d5a66a8.txt
Processed job dcfddb48-523a-43e6-8464-d79f6e64ad94 for file data/4ff2ccfc-8353-4104-b022-cf79229374a7.txt
Processed job 48891b5a-4ae1-487b-99ab-9fcbbd44013c for file data/88b27a3b-15fa-4761-8d68-218ae59b7cf3.txt
Processed job 71e35744-6ab1-49ef-9d5e-72044f34a8da for file data/bd833043-2472-4e4f-8a31-cf1e55b9b54e.txt
Processed job 69ba95bb-a063-459a-9dd6-6606dbc5b698 for file data/cf0e6b82-d6bb-480d-9790-8d7401cd727e.txt
Processed job 7e4b7f9f-8815-4777-b24b-9cc81abfa454 for file data/73938e06-4b51-430f-bda9-899fe28e96df.txt
Processed job 8be5f458-4bd2-4378-b2a3-7f72f9b950c8 for file data/b03cfdb9-5d67-485b-825e-daa7504c9d56.txt
Processed job f31bc5e5-2088-437d-9e21-a29331ce1720 for file data/e5d07847-3b4b-4081-9cda-e4d741808f65.txt
Processed job 33da58a7-aa68-49e6-94bd-c6d39bf4ef59 for file data/a34a750d-38f4-45c3-a54f-eccb52a7ac1f.txt
