Submitted job 13168b82-cb97-44ee-9757-708f0876d278 for file data/1e20c4ad-9ce1-40a6-864d-c4b83bead312.txt
Submitted job 8a218384-056b-4ed8-a029-da30a1bf94f8 for file data/b814547c-ac6c-476f-a9cf-15bcf3cffac1.txt
Submitted job 85cdd727-7455-4dec-81d1-169c1e34df1a for file data/caacaf29-04ad-4029-ae7a-0d499ca73e2c.txt
Submitted job cce7bd10-8a9a-415a-b3bd-5b354bbb7e37 for file data/ce409058-9ba4-4e34-ae3d-4048cac10e1f.txt
Submitted job d3a99a2b-3565-4aab-aa8a-d94057155d8d for file data/3efba6dc-10c8-4d68-8666-b3a6fe4cd53c.txt
Submitted job 1ffdddf8-4282-4105-b80f-0d6e267592d6 for file data/65ed9cbf-850d-4363-9d88-c24f47e47597.txt
Submitted job a9f9bf4c-3420-436b-87b1-01c2db6cb319 for file data/3d547b6a-a424-4988-b289-ee3fb0a899fa.txt
Submitted job cdb89516-5ae2-49fb-827e-25124a16458d for file data/a987b28e-9f53-4d58-9647-cf82ad5fe7a4.txt
Submitted job f559ff2d-1871-49d5-bdfb-75a6a86761df for file data/a08d5319-d660-43e3-a3df-3e993f4cb465.txt
Submitted job 7782c686-f877-48a3-9793-938f15913743 for file data/73987abb-bd59-4645-91fa-9b7335f0f026.txt
Submitted job 2a2302b4-ff8e-45d6-8b95-3747ffa9abeb for file data/4d777c67-e7a5-4c9f-bafc-50dbffded3e1.txt
Submitted job b8355ce5-c45a-4acb-83f0-4381e0221a3a for file data/7730a9cd-c57d-4c37-8992-eaf28bd6c285.txt
Submitted job 6d3bba4d-8c85-4c10-8b4b-f92dd01b6d57 for file data/02c40832-1015-4bfd-9b5e-d5329b26aa72.txt
Submitted job 24889038-9cb4-4daa-91f3-3ac2104971f1 for file data/c1fb3f9d-6b09-48c0-b1ab-80e5326ed7b2.txt
Submitted job c9186e02-142c-4956-9936-05885fb6f359 for file data/7b7d6a7f-ea27-4557-b9db-bcf83f25c21b.txt
Submitted job 74e0a42f-2de7-4c64-b939-652bf8060603 for file data/3bb6296a-29aa-4aad-abd6-b9616e282783.txt
Submitted job 91498492-7775-4d5f-bebe-e1862a150670 for file data/9e4d32b4-5925-4636-ac43-c93a1b7db28f.txt
Submitted job ba9e0c4c-b959-4d00-b189-0eb3e3378b0d for file data/96a5fb75-d6df-4ca3-98e8-31510a970086.txt
Submitted job 74ade21d-095f-4603-b6af-94baab037a69 for file data/d1279961-6ae9-4427-90b7-b451f571f871.txt
Submitted job fd8c77b8-8200-42c1-a2b7-431087959703 for file data/1b7b7b49-3954-4414-9efb-7c36a80eaaf8.txt
Submitted job 2e2fc661-4be0-48cc-a07d-b01e95c66537 for file data/0e06228a-978c-4917-8eb4-21e7b7e2add0.txt
Submitted job f7baac65-35aa-429b-a7ea-2a1b398f491a for file data/32f50a13-eb35-46ce-9604-2e33bcccdc57.txt
Submitted job b7ce2fdf-43cb-4c71-aafe-bec842ee82a3 for file data/faec535d-2ac0-4762-a996-f03b69acb103.txt
Submitted job 26d37bb3-cf74-494d-adc0-bb99a3e48a2e for file data/814b6872-1ba3-40c5-81d3-95af90933e7b.txt
Submitted job 89954743-9426-4109-b612-4711d5b3be16 for file data/c1edf749-29ff-49ec-b79f-075591653498.txt
Submitted job f0653893-0efa-4e1a-9915-34bb8c3714fc for file data/ee6f1373-9607-40e5-b2c8-75bf9bae4ce6.txt
Submitted job 991870ed-f83d-4bb2-868e-e36b15589a0a for file data/3b8cf0d4-0d6e-46a0-93cd-3c93a7e0f910.txt
Submitted job f183135e-ee28-4a7e-b304-a1f4c483075c for file data/f9076fb3-94c6-4d0b-a1cb-fd288cc82fd9.txt
Submitted job b7a4b291-c12c-4aca-aa55-7d457cf192eb for file data/ca8936a8-cb5d-4c5f-8803-41a2f42c32ce.txt
Submitted job 9e170101-5012-4654-8681-f9c534ba04a0 for file data/2a54600c-75c5-481e-9c6e-eb7af4ae0596.txt
Submitted job 5f561e21-add9-4660-b068-338b7e56b212 for file data/ff3c83cc-9a93-45fb-82ce-2a70994c26ea.txt
Submitted job 2b546e54-5e96-4b4d-bf4b-794bab19e385 for file data/9f9c2165-69c6-4f3d-9944-6a2f8255e7da.txt
Submitted job b028ff77-933e-4489-afc9-e6cdfe104106 for file data/c0204ea1-f9c3-4bed-aace-0cfee729382a.txt
Submitted job 832afef7-904c-4faf-bdf5-1ccbbb07f1ff for file data/17a3e23f-f77f-4ec6-9aff-6e68c2a7fd95.txt
Submitted job e9678670-701d-403a-9864-8fa3acac766c for file data/53717c57-5fcf-4534-805d-8ccfcb20f758.txt
Submitted job 9d4a2f5f-b481-403a-a62b-7a11af2b6256 for file data/aacbd77e-4ec7-4ead-b477-9542c47234be.txt
Submitted job 54fef9fe-98d9-46b6-8bb1-991fca158861 for file data/d94bcfe6-7b74-4dd8-a58c-c43b1e7125f1.txt
Submitted job b5da17d5-58ed-4768-a66a-61cd23893e29 for file data/f4fafcc9-7f0f-41f0-9807-65e7db50054d.txt
Submitted job c1b92878-ec0d-40a0-92e0-aaef30b84d1f for file data/08c70dea-4565-459d-96e9-214da5294dc0.txt
Submitted job 4da7afc0-2aa7-49fd-8487-4c3f90197a60 for file data/2f9a53eb-35f2-4c88-ba04-a8b290551cb9.txt
Submitted job 4a3aff96-64e1-4ed5-b785-f4db3c9434e2 for file data/702e40e6-b9df-4e96-8b01-22b42009c166.txt
Submitted job 64b2509b-2567-40af-8082-5f4cd9666078 for file data/c21c35e2-7d4a-44f2-8c30-77084bfe9ea4.txt
Submitted job 4fda304f-0ac6-4530-b2e7-d2c047ed8ff0 for file data/14caf386-4e85-4ada-9705-5b7a3b659eca.txt
Submitted job 0b833e0c-8358-45f8-8490-edbf6be08ab1 for file data/f4f0cacd-a236-47dc-8dbe-7aec1d02de40.txt
Submitted job 834cb3c0-cc82-4c7b-97cd-89c358c3d49d for file data/6a5e3114-7b05-407c-85ee-0fcaa2f484a6.txt
Submitted job 516640f9-a2cc-46ed-b0d6-56f4ecf7f9a3 for file data/9d2749be-0e04-446d-b858-66ef0eb43f24.txt
Submitted job 475465bd-f0d9-4503-a369-27122e2af122 for file data/5aeac3a3-caae-4f1c-a13a-5386b7309320.txt
Submitted job 3a0c4a37-579f-4b8b-b243-867584d54386 for file data/2a79642a-cd41-49e6-b8ba-9f0d5283a479.txt
Submitted job c41ab1af-9843-4f11-8156-3d20691d4d5f for file data/b285ea4d-9126-4d80-902f-0847eb085dd3.txt
Submitted job 0e5918c2-9247-4ac7-9fcf-0a0045f1f5a3 for file data/4fb1efa5-54e9-49c3-bc4b-e692b76bdc4a.txt
Submitted job 3184470b-d87a-415b-a495-09f43fa2701c for file data/16031406-c605-431f-8634-2a9545b55681.txt
Submitted job d9b88312-9ad8-4ae1-86e1-2d83a21f1982 for file data/7afd9fdc-3dfa-494c-b6be-608698461242.txt
Submitted job 6799d63a-322f-4ef8-83b9-b9ed4ec0dc81 for file data/813af3a0-96ee-4135-8a18-33e4520f63c1.txt
Submitted job d75b132b-d794-48c3-9ab6-3865a2e7aef1 for file data/daa2f22b-c753-47ee-9cd3-5a773328b131.txt
Submitted job f8e4016d-ff51-42ec-8330-716539c3b183 for file data/12b9e124-2f3a-48b8-8c25-e106ae115557.txt
Submitted job 116a9127-ed94-438c-8fdc-caec6546a07e for file data/fd8176cb-b728-42dd-82c3-8a159717be38.txt
Submitted job df7309ee-fe3d-4764-b020-4a764fee3030 for file data/ab0986b8-46d8-4c63-9e79-8378a1cb96bf.txt
Submitted job bd62c148-5fe3-4be3-abb8-8eebdab72fcb for file data/d7e858e2-e820-4256-b6eb-9dbd03d0ff84.txt
Submitted job ebebf7b8-c20f-4b00-a880-4af5f53120e6 for file data/5ca77b97-9ee5-49de-a183-e2b9264903f5.txt
Submitted job dabff3e3-79b7-4f41-839b-7993fa950927 for file data/fcda064d-f650-4954-88bc-8bbe51fb77a2.txt
Submitted job 5442bb93-469a-49f3-b9fb-1da22c34003b for file data/94561b26-9d73-4efb-b9e7-6b9a4fc1e94f.txt
Submitted job 0d9083e3-ee4b-4519-93c4-3dbeecea7d0f for file data/b5073587-650f-4420-b4f0-5c29950a93df.txt
Submitted job c46565b2-f8f5-420f-ad98-d99b48182214 for file data/b5e9935e-7fc6-4244-9ed6-906ffd096703.txt
Submitted job a53cca78-d172-44c7-bb14-39620f73a597 for file data/743a68c1-e278-45c7-85f2-ee8036d0250d.txt
Submitted job 3c3ab9ba-4e38-4dcb-9d0d-95c29aa63c71 for file data/a05b03a2-e738-4d41-b466-4c9a198d2061.txt
Submitted job f08e1540-1c51-43ba-9553-e07e7bf82a95 for file data/0cb9f3ca-0a23-481d-8aba-2706df86cb20.txt
Submitted job a38850fa-f387-4084-8aa9-c3e7e8cfb3c7 for file data/1ff6bb8b-28fc-4200-bafb-9123ca0f1599.txt
Submitted job b1aeaea7-3043-48f1-b7cc-a946562baa6f for file data/8e524207-4f14-4d7d-803d-54ff99a86792.txt
Submitted job 37b1086f-ab38-4282-bfb9-50e49560155d for file data/48f0aacc-5634-43a9-86b2-a251a3fbd57d.txt
Submitted job fef7ab15-b97d-40f1-b12d-e1cef5fa3d15 for file data/26842f5a-769f-47aa-b854-4dcadfba4927.txt
Submitted job c853c24a-4ebd-44f8-8cab-efede5365cc9 for file data/4c7bffd7-6d9c-4d94-a08a-a28f0f3c83d2.txt
Submitted job 163dda9d-b2be-4d49-9899-a6407a4f33bd for file data/2f3b4f8b-6920-4424-91ca-aab1b8a9d3eb.txt
Submitted job 42e2c4d3-b6e4-47bd-a8bf-e4b6a669a437 for file data/698efed9-ffd4-4da0-9864-9d71a8458d05.txt
Submitted job 8bf246bf-5027-4111-af06-ed8cb9793719 for file data/5163948c-2b1d-4074-a768-e3b43e0cd3db.txt
Submitted job e74f04b2-4a7b-4e2c-ac81-f56b72fb7d40 for file data/97bb8c36-41ee-4bf1-84f2-a9a5790ff9b2.txt
Submitted job 0eb778aa-3ea0-4474-bcb1-e4b82cd72ef9 for file data/688e8392-a123-4c96-a4c9-a3e0f2fee07e.txt
Submitted job daee7064-bb34-417c-8711-78b82e92f7eb for file data/d42e14ff-38db-4884-af1c-3cd7281e9fbe.txt
Submitted job 39d7af09-727d-43e5-a824-6859e3f52db2 for file data/c9bb6afd-5df2-42c9-944b-b8a606bfc7bc.txt
Submitted job baf5351a-2741-4690-ac7a-c5449e34a4e5 for file data/2c21246b-68a6-4447-87dc-61afa0047c1b.txt
Submitted job fc6c5767-bf47-480b-8277-18a3d6e46a7a for file data/a7694d2e-374d-4644-a17b-ffb0037fe945.txt
Submitted job aac54790-c84c-49cb-9bf2-cf2dba5a150a for file data/010c3e92-6722-4618-ad31-319e47f6712d.txt
Submitted job 60534523-ede8-4093-aa49-924a6b51cf29 for file data/851b8bab-35ac-4ae8-b627-e0f4e5465e7f.txt
Submitted job fd7588ee-ae8e-4246-ad5b-068204410379 for file data/91e9090b-b1a5-40ce-a823-fbb885976653.txt
Submitted job 7de17b23-fe37-4abe-b1f9-e6cc457ea9db for file data/da78db6e-46b7-489d-b355-ca3fc34f753b.txt
Submitted job 387f65d9-bc6d-407c-b7d3-4bc54ca1b331 for file data/5981f8fa-bd6d-4f4a-88f6-fb8df1050629.txt
Submitted job d8ff07bb-556b-43c1-b141-1470d2b445d6 for file data/e7fef2f8-4cdf-416f-96cb-e3629045fec1.txt
Submitted job b137c174-cc6e-4f7b-8abd-fa8f1f930894 for file data/0b162c65-aabe-4db0-8849-d257186e6536.txt
Submitted job 35c53d3c-72b7-47cc-b5a5-c7a3dad902bf for file data/d137543f-d090-4b97-8da3-b17331f4952f.txt
Submitted job cd9a361f-8702-4259-9e1c-c37cfcced30f for file data/3d67fd62-b682-46f0-91e7-98fb7f857194.txt
Submitted job 30f08de6-9912-45a6-a823-8e6ceefb8153 for file data/df559684-66a6-4118-9f96-cbce6e821993.txt
Submitted job 3e53103f-a2e3-4e82-aad5-597f42bd5101 for file data/fc82a398-82e8-40c4-a721-23d9b0e9e381.txt
Submitted job b427559a-054b-4cf1-a94b-bb7c41695e2e for file data/195548ab-747b-4fa9-8503-e8e3c6859e0e.txt
Submitted job 2ddcccbd-6e07-4880-9a3b-62fb8e625719 for file data/af210a1f-9e62-41ec-a374-6759ce32affa.txt
Submitted job f08c50e8-74fb-4cfb-8f98-620b541bffa5 for file data/2952fc0e-ec35-41ec-82e2-926bac53e582.txt
Submitted job 0fb692b4-63ae-4c0c-9e43-1f44efbe7e0d for file data/96265ac5-0f7a-4ef1-8d38-fc279ee5f7bb.txt
Submitted job 1f09be6b-7e18-4c34-be80-b9ba4fd49810 for file data/0f24cf9b-73fb-470a-95f8-1b27e3c06c3a.txt
Submitted job bbceefea-d239-4314-b870-5d0680f2affe for file data/6fb25678-b5d2-425a-a62e-288f90f04e47.txt
Submitted job 87c01d9e-cade-4245-847b-77cc4ef60e65 for file data/094d43e0-7497-4bc9-9cca-2470c16476ec.txt
Submitted job 76f0b116-070f-4872-a155-97b38c22a88f for file data/b7188f0e-bccd-4d7a-967c-5146027c8396.txt
Submitted job 4ef74951-bfc2-4044-900a-f537f89a51e5 for file data/42f8cbb2-6b54-4448-bfa6-5e8a8a443977.txt
Submitted job fbb48329-3e82-484d-b279-a61a3b07ea19 for file data/37aaefa2-f2ed-4e84-8711-059a95d98e32.txt
Submitted job 348302d5-ec8d-4022-a4d6-40890da71a2c for file data/f8867cb5-fb8f-4c4a-b5b5-412ad8f67164.txt
Submitted job 13f95242-246d-49e5-9e8c-abe0012a3477 for file data/90789e88-50ed-4996-988c-aa21957abe04.txt
Submitted job e31ea862-e737-4165-9d56-d32511fd67af for file data/0b4c68fb-5a6b-4b82-848c-9beb19e8af09.txt
Submitted job f924d497-f3a8-477f-9d0f-dce09d05f7cf for file data/683d9a5b-76af-41a7-bfbd-76ebdcf70697.txt
Submitted job 68dca811-811c-48d0-9db6-060d31ef3088 for file data/c290e091-0c0e-45fb-9f1e-10871f53b209.txt
Submitted job b1d5e3e2-fb87-41de-b2e4-2d749a62b963 for file data/5ead36e7-0278-4f2d-b3c5-792adcd059ee.txt
Submitted job 4a0b91cb-372a-4102-9f6d-bd5af20c3e76 for file data/0128bc3e-25e4-44ec-83b7-c8c3540d2b30.txt
Submitted job 5488e496-5481-424f-b4ef-5ac2da766c18 for file data/52a4a003-466a-4867-9e9e-1b78540b7532.txt
Submitted job 6cd60532-a9cd-417d-8dbc-b1889a9e5837 for file data/4a499a6e-6eb7-44d7-b4cd-28ec0ec842d2.txt
Submitted job e4ab2f85-44c8-4a07-a517-bad720836c80 for file data/41e8ee4d-0aab-4061-8c4f-8536634fae3b.txt
Submitted job db840c9c-39e4-4b2f-b36e-4231b2c0a97a for file data/1ea13992-97ed-48c2-8f2b-3d15a52f544d.txt
Submitted job 19d4aedb-8324-48e0-9e50-afaea61de3f2 for file data/47ea5108-d4ce-4345-94ad-ada264af5576.txt
Submitted job 57b6edf6-e8af-49dd-98a0-0f0204a53181 for file data/a52b4012-97b5-4c25-9376-d528325fa1c3.txt
Submitted job 892a3706-1d24-4606-ada4-60cbcd18e355 for file data/28b064ac-81e6-4311-8d80-9c3e376ffea4.txt
Submitted job 9c0f043f-98ca-4fde-8390-e6a3709fbd4b for file data/c0eff70c-f1dc-497d-bfa1-b2d653685da8.txt
Submitted job c9dca2fe-671a-4c74-8714-1a1a2f982e12 for file data/72644f0d-9d8e-434c-8174-0702cf7bc80a.txt
Submitted job 11f7c166-819a-4e91-80b9-21c960d7d8df for file data/7910df19-1e6b-4630-ae33-7e4e84a717e5.txt
Submitted job b2e7f2ac-a340-49e7-8976-90f1342fd8ce for file data/c117c31c-71e8-46d8-871c-742b43c65b2d.txt
Submitted job 5d92ed6a-5d0d-4342-a73d-c244bd50b7b8 for file data/720295b2-73e6-4557-822d-b737e4342c59.txt
Submitted job 8ae6ffdd-f015-4c19-a87e-7b034db10d89 for file data/1c422ae4-2023-4f8c-80ca-0f4400cee919.txt
Submitted job 34714695-00e5-481e-bb7f-d1b41e5d2f53 for file data/ab5b05e1-006f-49c0-a165-ede1ad09cf25.txt
Submitted job 485db7fd-23b8-4dcf-a051-feb62a9e6ce7 for file data/b383797e-38a7-4249-9f74-308acffea5e5.txt
Submitted job 5b8b8a63-5282-4c7d-b7cc-b70275c6e3bb for file data/753b0a62-4a83-4ba0-9af9-fbe01a5e3d9c.txt
Submitted job 12bcd182-d82e-41a3-b749-9d8e32512d72 for file data/15d7690e-a869-447e-ac0d-0ec9afd1b55a.txt
Submitted job 503bf46a-06de-47d9-8ee3-ad88e38d39bf for file data/14f7e449-bdd0-44c2-a0cf-25f5d0fe4da8.txt
Submitted job 049821a6-61b6-4a23-87f7-1db05dad70ba for file data/7c025b7d-063a-45e1-9545-ee715aae4040.txt
Submitted job 67272737-9ebf-460d-9c07-7bca7d2ab782 for file data/c6a8ac18-baf0-40c1-8528-bf413144fb12.txt
Submitted job 38efcd8c-e69e-48ba-aac4-17b03e433590 for file data/e112afe3-df84-488e-8a6a-06ed9e033728.txt
Submitted job 512a0cf9-33e6-43ea-a948-2386c04f769d for file data/5f5ccc61-1de1-424f-99f4-11728b01e9db.txt
Submitted job eb271658-e48b-4bf8-b4a4-666c460fb7ff for file data/809e9754-1af6-41e2-8ab6-a012d52a697c.txt
Submitted job 3b5b75b9-aec4-4450-8392-cb314d81cf03 for file data/0dfea20b-55ed-45a1-8f71-1aef08fb9928.txt
Submitted job ae4550d9-a247-4318-ac77-99a92ba308d6 for file data/6abdec1f-dabf-4b26-a2a8-00447a4c98a0.txt
Submitted job da33f54b-849b-4cc9-9777-f4af4b613d93 for file data/d3dd12a1-b163-4f72-89d7-9e72e6a7fa86.txt
Submitted job 68b1193b-a43c-42a0-b6a3-2eebced1d17f for file data/a51df80a-5e90-403d-9346-9345ca981988.txt
Submitted job 253367e2-9dad-4a73-bd85-4d727e1e618e for file data/14cbc82c-dfae-498c-85f5-90927d88adf1.txt
Submitted job 852f6005-6e75-4822-a7bc-30b92de5c3e9 for file data/01419473-e0df-43ed-8f21-fa81a2f559a1.txt
Submitted job e3ed9730-e356-4d7e-96f0-f6a14b6ca88d for file data/92b43e40-5071-48e7-9e27-a857990bff0e.txt
Submitted job dc587b65-f7e4-4353-9e9a-4cea3e8e812f for file data/425905af-495c-4707-b7f1-75fd8e079832.txt
Submitted job ef77d0a3-fc28-49d6-934a-6f1921af0c61 for file data/8661e267-da4b-40bb-aca3-d1c9ef3f2dea.txt
Submitted job 76086d42-e23c-4fad-a908-bfff6777240f for file data/4ec688fe-c2c4-4109-b827-2028f07f0428.txt
Submitted job 5aeac5dd-c252-4b9e-b062-4498482cf580 for file data/e2ca9b1f-bea3-4ad7-b3e8-1a3ed7e9628d.txt
Submitted job 897ec59a-305d-4abe-aa69-181d14f2a2dc for file data/43923f4d-528c-4293-8619-5b48b14e63cc.txt
Submitted job 7988e3d6-e700-4e74-82f9-1cec49dc7424 for file data/312300d4-70ef-4285-b6f3-0a72cfa010e8.txt
Submitted job a140e318-7068-4cf5-8b3e-aefc30a149a0 for file data/fa991292-bddd-4c76-9960-30c7cfeb3e21.txt
Submitted job eb32ebb5-0ea5-40b9-998a-efc602172934 for file data/72a138c5-79da-4737-a3bc-0ffb4958f33a.txt
Submitted job d05e6d69-8a88-499b-9cc4-a4fba544dfeb for file data/5aef709c-26fb-4f6c-ba78-66e79c847455.txt
Submitted job fdca2f2f-0ea9-47c6-90b6-6ed65879fa05 for file data/f1b8171a-8c3e-49a2-af81-194bab05efe9.txt
Submitted job ab8c3add-0a82-4802-84e2-c4bb382a9d29 for file data/ccdb0602-0b90-4819-8608-e1e4902e586d.txt
Submitted job 4e72f52a-090a-4d4f-958a-657652f3d79a for file data/c2024cf2-593e-45b6-8ade-f989299e29a4.txt
Submitted job 3d56ce08-fa55-4d58-85e5-22ed2d18f528 for file data/6ae6b6c3-f39b-4265-82f3-1df9fda58bdc.txt
Submitted job 98419d95-7079-4f38-bde8-6d8ff77daa0f for file data/b798dd2e-d182-468c-abe3-fbd9cb75a6c1.txt
Submitted job aaf98860-f390-4065-af9f-c3c860c0b1df for file data/68650638-a446-484e-94ef-64c8a0c0e31a.txt
Submitted job 9935d7f3-4306-4434-84ea-55e666b37303 for file data/37b52067-0e62-4010-b1e3-a840d59f1062.txt
Submitted job 3787dd20-3f57-469f-9503-08f12de9275d for file data/c0619642-e326-4ec3-acaf-f12633d051ed.txt
Submitted job 5b16e811-aa6a-48e0-b70c-51a34b6e5bfb for file data/a3a7f411-569f-4950-b228-74712a3c5aa5.txt
Submitted job ab7d630d-c0a2-422f-86b3-8d5e045dc363 for file data/f9545ed0-db01-4eda-869e-6945d4865909.txt
Submitted job a6040d64-c6a4-4d77-b5c0-5cc492dbc561 for file data/83270018-8e73-4248-a233-6a981d8636d7.txt
Submitted job ca97ef30-54e5-4f72-8c07-eebc4cb30a57 for file data/f5eab8b7-543f-43ef-ad33-204706f8588b.txt
Submitted job 95d52f27-942c-44f0-97fe-679853f1ccbf for file data/8d90a6b6-3cf0-4734-bfcd-bbbbf78b67b4.txt
Submitted job bf668638-5198-4ac8-9a7f-3c920a2c6ff6 for file data/e5ac8521-21e4-4223-ac63-b418a56859f2.txt
Submitted job 504c5040-39d3-41c8-b124-d0668b203aa4 for file data/55521fdb-b560-4d83-b591-5a294a49561b.txt
Submitted job 10f3bb4f-753f-4a91-8a8a-5a79b1833e95 for file data/245e515b-97a3-46df-bd18-3c8b65340337.txt
Submitted job 46d508a4-cf64-4d82-85a9-0c3b79042757 for file data/8af4119d-4713-4aab-b44d-35c36e2efe4f.txt
Submitted job d6f160b3-46d6-441d-a24e-7d0d2fa29fec for file data/cb2d2bae-7400-467b-a554-44452c3188ab.txt
Submitted job 257fc966-342d-4fa0-b1bd-bef4376ee88c for file data/b392825f-164a-4236-979c-f9f8990c7bef.txt
Submitted job 35f5f498-1ed6-49d7-aad9-0546523afff9 for file data/8646ac11-1924-41a7-8b3f-e79e0c5179c0.txt
Submitted job d55cfb42-f33c-4a8f-96f0-78532f764137 for file data/9a957088-c0be-4821-8f56-b6a19ad1707f.txt
Submitted job 95f9f150-531b-4893-a2d3-87b0bec89bce for file data/39c2e9af-654b-4d80-b6db-858bd63fcf70.txt
Submitted job fd3d1845-d7aa-4cd0-99ce-89844ee01842 for file data/b3d2c313-d2a1-47a4-8f73-ff46f29adc8a.txt
Submitted job 0b5381e6-fbe1-4291-ae87-3fec76b08af0 for file data/20d1f526-581b-48cd-93a3-478d0955cf8b.txt
Submitted job 362dc974-6f1d-4a77-84e3-50b652d81318 for file data/e59a5987-bc22-4693-b7b2-3e9805c0f1a0.txt
Submitted job 1a0a0356-92d1-4ce7-9415-c082ca97ff0b for file data/cdc5ad8c-d207-4b89-ab63-77505f00c1f6.txt
Submitted job ddc4c93c-b4e8-44bc-849c-b2a7acd755b5 for file data/65954337-6ffd-45ad-b042-0a3f21407a88.txt
Submitted job 94c98777-afe8-4f5a-9009-c532d917cafb for file data/bc9d98e6-8f0f-4268-9098-02881e84d6da.txt
Submitted job d204e8ae-d68d-493a-b4a1-fddc138c975a for file data/d82d35da-8fc6-4adc-aea0-cca7a2729c2d.txt
Submitted job 11c8a888-b454-455c-a792-6b53e0492e4f for file data/a4c3f777-d0e3-43e8-810e-fbe53ade6e37.txt
Submitted job 422167ce-d9cc-4f44-88a1-fd2776c3715b for file data/b0201671-6f1b-4586-a945-6f3bd5937e30.txt
Submitted job f529d46d-2ff8-4fb9-b23b-b2d5b734ecff for file data/b473e24d-6483-42fc-b7a9-8848b28199ac.txt
Submitted job f93d4e33-d762-48a6-b964-fa0e2dd74f28 for file data/7b5e243a-2c31-4aed-88b2-184098b9ea98.txt
Submitted job 264b6b7b-f8a0-4d83-8ef7-2ed0fa8edc96 for file data/022726c3-087a-4631-a825-62e9ba90a60a.txt
Submitted job c0519226-f08e-4550-b39d-383e64c34792 for file data/97442163-a63e-4955-aae5-1b977d5ffdd2.txt
Submitted job 94a7b6b9-bae1-474e-a19c-7450f36ab125 for file data/e328fcfb-5c7c-46dd-a925-2d8a1d810427.txt
Submitted job ccaa9a91-4a66-41bb-a0fe-be9904e147d5 for file data/75b42ee0-6ba2-47c8-8837-96c6fcae90ef.txt
Submitted job 0a432144-b2c0-4ba6-96b1-604d3e420b59 for file data/74e3355c-51f4-4346-8dbe-24da7cd003fa.txt
Submitted job 7639e074-3a8c-4aaa-b05a-7678b08e27c2 for file data/73a14869-96be-4814-8807-4262683695d5.txt
Submitted job bdda24c3-a7dc-4f3c-a465-c0f2de84315d for file data/eb69d4b8-76b8-4dfe-b5d6-df19fca17eca.txt
Submitted job dfefb798-fdc4-40c7-8674-a08a32475be9 for file data/9fb34b84-d512-4a87-8aa4-e8d2ce0db5db.txt
Submitted job a9048626-c57f-4621-bee2-e2c565b1fb67 for file data/a53a9857-3c4e-4901-a06e-74398f54dd81.txt
Submitted job 39b5c245-5784-478e-a3b3-f31aa270cf98 for file data/30bd089e-eb5b-40ca-a8f1-51fc47279690.txt
Submitted job 0dd4e5af-05d6-4366-9848-83e72fbeef91 for file data/bc92b328-4e56-4102-b20c-155294a66a5e.txt
Submitted job 4bb035d3-ac1e-4679-94d8-4b551a69d697 for file data/66593655-d878-4ce1-bd99-3352df26cc58.txt
Submitted job 49007fd0-26cb-4f41-95a2-fe58586b6172 for file data/0065f8e6-02e1-40aa-9fd6-cea3fa67078e.txt
Submitted job a9bc1cb6-8e15-4ff1-8de9-af3428982f74 for file data/13d29018-87e5-4ccd-9c56-c0ad4114819a.txt
Submitted job 9ab9cfc4-3c5a-4800-862a-5f96198c890f for file data/544187f3-9ac7-4c1a-95b7-83c0008ccb54.txt
Submitted job 5a0c45a0-05c9-4f99-bede-dee4ce1ef54c for file data/e755e943-1bcb-450a-9c85-2505c71eb085.txt
Submitted job 7f18924d-7f85-4846-867f-55f69fcbeabd for file data/ca713b8c-1fda-4dd5-b65a-2acdd13b5fdc.txt
Submitted job 6c475a22-c0af-45f0-898d-2050e0360494 for file data/f293f69c-c3cf-4fbd-bb19-dc288863e339.txt
Submitted job 29cae02c-0d17-412d-8442-85b554f1eca7 for file data/a17d56a8-4280-49c7-8bfa-2ea2af96ca02.txt
Submitted job 642918e7-384b-43b6-85cc-1d4e08de8677 for file data/bbb24c0c-e76d-4a29-9686-e23f90575e89.txt
Submitted job 2196c864-4cff-4365-94c3-28f46c4891a1 for file data/8cb3fdc9-616c-451a-bca1-ebc0741d1262.txt
Submitted job 3b8cef7d-5de5-4adc-8000-2db717e5fd41 for file data/ac5f59ae-5af2-4185-925f-d0f76e64c2f6.txt
Submitted job fddf2504-66bf-4746-92d1-ebc00de4de07 for file data/9c67dd19-7fc0-4a1f-8e5f-e4c3d5cab102.txt
Submitted job 1c0894ce-8d51-4df4-b35b-71c6f48cd37d for file data/91ee6595-9e4c-497d-944f-b77e9c4912d7.txt
Submitted job f2b2fa2a-1a3e-477e-9ad7-6f519f61f169 for file data/2bd1a44a-e2b0-4ed9-887b-4e025f4dfe8f.txt
Submitted job 8b6ce845-573a-4b64-a463-776ba5c157a4 for file data/09dd8e0e-c811-4255-9a78-28d1a22ff80e.txt
Submitted job 2d69b9ea-95f6-4c3e-bae8-da544fa01e20 for file data/d28c71fc-b69a-4f77-b788-e5635b6d9ac8.txt
Submitted job 4e2c16a0-dfb5-4b8e-9961-36a0836b1a93 for file data/a9880e29-92e2-4999-a445-b6b6b2693aa9.txt
Submitted job b0c1538e-b1e3-49f2-87bd-f7a9ba69f180 for file data/6651f085-d5c1-46db-9ee5-f4e9efeaef46.txt
Submitted job 89790360-46a6-42cf-9be9-a6b406accff8 for file data/23ef7c63-e4a3-4066-b16c-5fe42d809c06.txt
Submitted job f49dc582-2c1f-436f-a801-2511537535e1 for file data/581954e1-27ee-41c2-ac5d-ffd36863ed5d.txt
Submitted job 5d534a2d-2257-4e14-a369-f7b35392f388 for file data/4e214d60-12b2-4f13-972a-dd6e0a88aa5a.txt
Submitted job e23d80b6-cd33-49b9-8b4f-7d2261d1c0d2 for file data/efa23b08-4c46-4642-bae5-3664b4a64db5.txt
Submitted job 6eb354f9-dbe3-4822-9c14-0dd1e77fb248 for file data/c91942fe-914e-432b-a06c-71019593cf9d.txt
Submitted job b5d7d084-b721-4f8f-b8bc-9810a81f7a8c for file data/104b3bb5-ef4a-48f3-b165-66ecad9a926b.txt
Submitted job a2240df5-b27b-4bfc-ad31-cc81569f7687 for file data/904ec75a-7069-4f25-92f8-5846d1c5a118.txt
Submitted job b3b74a60-ecd2-429d-977c-ff06c754cf6f for file data/ba288b9d-59bb-4c81-8e42-11c9450590dd.txt
Submitted job 635407dd-7474-4f91-a44c-89a945f68e7c for file data/4135c955-3020-4f5e-b594-f66a3d8c84d5.txt
Submitted job 4e07fffe-ef26-44c3-a601-efb3fe0b847e for file data/716a1c91-4bf4-4034-9bb9-b3c09144fbf2.txt
Submitted job 78d2505a-ccad-4a83-bce3-025a4a676b93 for file data/209d9100-f4d8-40f7-8d8e-7c83afbe7dfe.txt
Submitted job 8eb1795c-f233-48f4-bfd5-a10af2a24fb5 for file data/b321857e-ef1f-4e6b-9f92-d7635a98fe8a.txt
Submitted job 8f2c86ab-e767-41b4-8df0-807abd479fb5 for file data/b18e2834-3352-49ff-937e-55a56bdae078.txt
Submitted job ccc15eab-b67b-48c9-a0d1-fb3c7b3fd3f7 for file data/c5b9ef45-008a-4ab2-91e2-2633ef52a8aa.txt
Submitted job 6d4d378b-9f1b-4cc4-90e4-e3fefdbdbb02 for file data/5afce584-73c4-4dba-b349-7deb8c441980.txt
Submitted job d0a8d957-af32-4a55-9afd-2dac2d01167f for file data/edb7ac64-1a5a-4f94-bcd2-ffd363945211.txt
Submitted job 4df8d1ba-5fb5-46e2-872e-e7bfad1a2feb for file data/cdc756e0-0c78-4516-9aa0-8d8ce4a31bc2.txt
Submitted job bd860cd2-9d7e-4301-b2e0-d56621184aae for file data/30ae94a5-f258-46d5-b1db-723a9eabf4af.txt
Submitted job 09df85d5-ae47-4f3b-ad8a-d6c20d8bf5f8 for file data/60c5e4df-9571-4a4c-a195-497dd64d69d8.txt
Submitted job 6621c129-e5cc-4f2d-b965-6fde170304e6 for file data/efc1da32-63f3-4d6d-8779-b18abbddaefe.txt
Submitted job f57d6471-7344-42e3-8ff0-8e757f43b69d for file data/516dfeee-0359-4c7d-9864-250475513031.txt
Submitted job 535beef7-4009-412d-baa3-b6443b3e7549 for file data/4af33a40-928f-43ba-abd3-cc0b6465888a.txt
Submitted job 1135e9e0-0413-4d28-b6c9-51838b9508c4 for file data/dfa0deee-56a6-4a59-9fd9-5827708787fc.txt
Submitted job 39d050c6-6a3b-4af6-ab17-964cb2d79077 for file data/6fb562cb-dfea-4034-b9e5-8881d3cd67cf.txt
Submitted job 31b0e601-63f5-47d8-b7b6-2acfe1d62ab8 for file data/1a56c163-760a-476c-beef-744612a345a7.txt
Submitted job 05035542-4a31-4f3f-87ad-479fb00a7b89 for file data/a46d0a9d-1287-4bc2-935f-1216195f0734.txt
Submitted job 97b52895-6fa5-46fb-8832-7cd64600ead4 for file data/0bbff0d3-bf57-43cd-9afe-472c8388b375.txt
Submitted job 1986b924-214b-4ab0-b614-ce82b85fed7c for file data/252c8ea7-c9d4-42d4-b94b-a2b8c8a24070.txt
Submitted job ed55fff3-bdff-436e-be80-43e8fa22ad72 for file data/096761fc-17d6-4098-86b5-34a241d3afe3.txt
Submitted job f0bf7a16-75ed-4aa8-a3b4-4c7c1acdfad4 for file data/48857f3c-18c8-496e-a2f2-12b4451f41ac.txt
Submitted job 9def94c6-cd73-4938-85df-01ccb8b16767 for file data/b11a086e-17f2-4e57-b339-7ae7724f90c8.txt
Submitted job 2b3a259d-6c6e-4378-83a8-47e4a349f587 for file data/5c7558c4-2771-4de9-bd79-de4fb6542d25.txt
Submitted job efc892d8-c7d0-442d-9bbe-ecc168a4afe5 for file data/8b3acc8f-6840-4203-88c9-c35e2bb56cf9.txt
Submitted job 180d68be-9ffe-499f-8ca6-2e637cbb0bb7 for file data/5be572e0-5271-4e53-990d-3eaf36d43adb.txt
Submitted job f948e418-8991-49be-a14c-cc2c1782da38 for file data/66ca26f8-9943-4ca6-a210-baf94134a26f.txt
Submitted job 3a0a4a11-52d7-455d-8613-8d9ddee98eb5 for file data/2a12aa0f-7eb7-405d-a35b-3d4ce521d647.txt
Submitted job 1c2dbf25-300d-4290-a11c-132f1c63d7d0 for file data/160d56cb-1401-41b1-9c22-513174497687.txt
Submitted job 560c9d77-d6d9-4dd6-826b-39baeb6545bc for file data/94b816b4-ada5-448a-bb67-3b08b52330bf.txt
Submitted job 544b6d9f-72f3-49b1-9928-7feecdea547c for file data/a8f9e134-9bc6-4e3e-83bb-ffb9bd158247.txt
Submitted job 49b2b7de-d4cb-49f0-86a7-6ab0cd00096e for file data/cef8d81a-07e3-421b-9419-46b2c0bd8805.txt
Submitted job de16a39a-6705-4cd9-81ff-571c2d324325 for file data/a419a535-d3b1-40d4-a818-b597317eca4d.txt
Submitted job 7cf2c8e3-14c4-4e2a-9346-223d2511c054 for file data/757eab2c-9809-4dfe-a1d8-e88fcd3da7e9.txt
Submitted job 67c4b1ef-16cf-41e0-b1aa-4d2d8a107fb2 for file data/aa938d9f-4604-4f98-97ea-41812f4caad9.txt
Submitted job 5cae0752-2ca8-49e6-81b0-777703c0ce35 for file data/8a06a835-dadf-4eda-80eb-aa65d7b1b738.txt
Submitted job 031c0312-3d12-4522-aa76-fdba3ba0dd5a for file data/2199fbfb-8095-425f-a70c-c27b19cc25fe.txt
Submitted job f84fce7f-cda0-45b0-a317-a4f1a7d3c51e for file data/3e0254e0-3b02-4620-b060-50c3608176b8.txt
Submitted job 4b2661c1-582f-4f52-a76e-fa963548a544 for file data/fa77a5f7-2c90-4b41-a8f3-87500e98705a.txt
Submitted job 64ae64b2-3157-4fca-b7c9-629a6c6069f2 for file data/7e05c6fe-b98a-4673-b40b-8c9cd6159717.txt
Submitted job 6a659de6-5244-4ec2-ad39-52a5065101a3 for file data/f0264ecd-e484-4e93-8dd9-5f256cf833a2.txt
Submitted job 090ca951-a4d3-4faa-a6a9-73d793b05084 for file data/b62f0836-1bb1-449e-ba90-9ffeba9afcf9.txt
Submitted job b30877f2-c73a-4fb8-8261-8197b75be47e for file data/eccf6c5d-6d27-4ab1-a428-823c6b0734e8.txt
Submitted job 7492ccd1-af77-4335-be2d-58a4f9f1ee89 for file data/ed1e0834-bb41-491e-b823-9eacbc38f6ee.txt
Submitted job d8441dab-f664-4a0d-94f3-d6a7d99be02c for file data/33099ee6-9277-44bb-b82b-5baec07ceefe.txt
Submitted job ee6a5814-7588-49e0-81b3-f897ac3f06ee for file data/fbdc09ff-8878-405f-b5c3-f3f535412489.txt
Submitted job a03d0d85-d79d-4c61-ab2a-6e3ef59b819b for file data/22b20188-cf56-41c5-8e2a-04bcbf7208c4.txt
Submitted job 08ba7c5c-6074-4d3e-940b-0bdc0c380568 for file data/819d6772-d0da-4fea-b44b-08d29ff28ba0.txt
Submitted job 3582a623-3264-4a80-bd33-8c771105342c for file data/d5758cf0-050d-4083-ab9f-033898c0013e.txt
Submitted job 89e1c372-7151-43d5-9704-6f0e2d42fa28 for file data/cf45f696-9ceb-41e3-ab7e-667a61a103fb.txt
Submitted job f929d291-c571-44d8-9538-4abfb22e3364 for file data/12845425-7a4c-4255-861c-96109ee0c6e1.txt
Submitted job e180c8da-13ba-4820-8e9a-6220284af0bc for file data/d4f51d72-1bec-4fa4-87f6-368cbd1a0bf2.txt
Submitted job 5a34ad15-8edc-4bc9-8dff-7cb11450c87a for file data/6cd454c0-09e9-4da5-860f-ffb3687c1ac8.txt
Submitted job c3d30d6e-ce08-4b65-8277-0438555487d1 for file data/d7a7a66f-3f6a-474e-a6ec-299c8385b060.txt
Submitted job c7935756-ab5e-42a6-a2ac-64de4fc26f7c for file data/8aaa464b-8542-422b-a36e-f93c0cfe8c30.txt
Submitted job 6e82a379-93a9-4cf0-b917-10dbc970652d for file data/784aad13-999a-40d6-a6e1-d08ad75e8115.txt
Submitted job 5a1b69ff-fc8a-4e82-a0d3-b8c172ba3bbc for file data/0dd94c81-d377-4446-8594-d3667bc7f4fd.txt
Submitted job bfce54a7-98a3-4604-a9b6-cafd403af0f4 for file data/d632eafa-2518-45c7-95ce-3de3e325e21b.txt
Submitted job 941c7180-127b-4b9e-8026-ecc1c77ff5f6 for file data/5459cdce-d947-4b42-9866-03ff6edbe105.txt
Submitted job 79c8bc86-3cc2-43c9-b5ba-78b8f8d70ee0 for file data/cc26123c-c4e1-40f1-b423-5be34e5bd9e9.txt
Submitted job ca1561bb-11b5-4f9f-87c7-114675cff94a for file data/d6c8cb86-5919-4948-ac4f-fa2c808a801a.txt
Submitted job 0dd9eaf3-bb29-43b3-a83b-8d9ed58d8b8d for file data/52edf045-1cc1-4999-aa4d-de93063e198d.txt
Submitted job e9174929-0e8d-468a-8caf-b4954fac13be for file data/04b45653-d95e-44d1-ba52-6fa63800a2d2.txt
Submitted job 61a97e8e-96e6-4614-b56b-b2ce3acb382a for file data/873b68bb-697a-489e-95a9-15d3ed03c1e3.txt
Submitted job b4b89644-f3df-4ff2-9b22-65ec72ab411d for file data/2ff6a10d-2a9f-4779-a166-36b6f9739b18.txt
Submitted job 085a8865-8914-4f56-a032-876b48b00f6b for file data/8bda3e81-8a53-472d-9c54-0e23a14e7273.txt
Submitted job 662e31cf-b8c8-459d-b5af-6db3547cf2be for file data/d031ffd3-38ef-4dcd-b717-3062bd29a9c7.txt
Submitted job efbb087c-fa71-4983-91c9-bd6f3d4546ff for file data/c19530e7-5ebe-4a19-9d45-e8a416c63c52.txt
Submitted job c22a7160-9b05-4b71-89c5-2e6bf0bb5613 for file data/200c69d0-f1ba-471b-b1f8-17dc0ebc0d72.txt
Submitted job c7098c7d-5a4e-48e3-a702-73f789bf6bb5 for file data/0a23ac6c-1b19-4d8b-bf0e-13b0412e7931.txt
Submitted job 482fc07a-ceb4-4cd8-8650-49c2714ac25c for file data/9b82e101-4a18-4475-8463-5dce4a5f8e7b.txt
Submitted job ddd84822-0b7c-49a2-a329-cab6ce194483 for file data/be931767-8762-47f1-be45-797c566c8e2a.txt
Submitted job 76bc3444-4aa2-4489-8ea3-f1cab1deca64 for file data/abb2db77-c146-4f86-831e-961b156a17a3.txt
Submitted job 3ab26683-87e2-482a-94a3-5d20429acd33 for file data/0fb9a56d-0123-46a5-a22b-750642d0579e.txt
Submitted job 63aacf65-ae9b-46cd-a628-504db1477a29 for file data/c92b2727-27ab-4dfe-af10-39a441937cb9.txt
Submitted job 5444d599-32e1-4aa6-9d53-2cec0ed29f21 for file data/5f611d30-6013-4ea9-9a49-c77f7ea524b9.txt
Submitted job 3c74f801-9777-4e28-8306-eb13b8bcc267 for file data/9b8023a8-d84b-460c-8930-e84712ad0ecd.txt
Submitted job b4cf1f0b-6ea1-4d35-8a3e-d4baaa029b63 for file data/741a23f2-cff0-4eb8-a3ed-c4ea1f6d3748.txt
Submitted job f19ca294-5f0f-498f-a4b6-fd68545affa5 for file data/884b0739-a428-45b0-b888-2079a5592cfb.txt
Submitted job ef0dafc4-1136-413c-94f1-e66376eb0976 for file data/63f95a90-5622-4e62-b7d2-e78bdbe02b02.txt
Submitted job d69b438e-dc91-4250-888f-12507e06fe86 for file data/a0a79757-8ca2-4dd8-b3d8-b1552607ab5e.txt
Submitted job 38caf523-847c-41c5-9b4b-1caa8ce47083 for file data/dba9b710-8f30-45b5-a149-63aa6598ec93.txt
Submitted job 8ba8860c-06a0-446b-8cdd-d0983449a519 for file data/109f580e-8227-4084-9d71-c23870a96fa5.txt
Submitted job d088778f-1f82-48aa-952f-82804ba39ff9 for file data/6fba55ea-9a27-4161-bb08-55132e4f589c.txt
Submitted job 0f4bedf2-a5df-4069-89b0-e4c55061b083 for file data/2fdcde71-ae14-40ba-affc-c7e7a415692f.txt
Submitted job 2b587695-c6b2-4834-9085-e9adf6fd9164 for file data/276445aa-39f0-43e1-adbe-375b5504c422.txt
Submitted job 92eb2bcf-b51f-45f6-aaa6-41f168fdfdf0 for file data/9ead6c1b-b354-4aed-bde1-9e15af5616c5.txt
Submitted job 6f4d4d09-d852-4503-9423-46bb00266b54 for file data/de1e3866-d30d-43a6-9dcd-731e9841d8ea.txt
Submitted job 10e69403-6d46-432c-b2a8-aae51e2e50eb for file data/2d250bf4-2fe2-4fa1-9092-b933302506cf.txt
Submitted job a0ad27ac-6bc5-49fa-b978-72210630c572 for file data/c8560fdc-e24b-46a1-853c-277491d47bff.txt
Submitted job 8b2a5103-feaa-42ab-b54b-c7035d46bb23 for file data/9a062a47-d896-4303-902b-cf164b4c94f8.txt
Submitted job c507c68f-c8d0-4a0b-9007-581ccc20379e for file data/e8ca0870-fc89-41a1-9c94-2da2cbbf8348.txt
Submitted job 805657c1-0126-4ef5-96e8-593b696fbda3 for file data/1572bed1-0696-4ac2-9858-7741bd34a1dd.txt
Submitted job f0f892f9-4972-4e24-9393-fd0527fb27e4 for file data/2f10ad6f-a87e-4878-bcc5-d1949cf98683.txt
Submitted job 3ab2c91d-a794-42b0-a04f-95a4b26d17cf for file data/967b8586-ea0f-4ec7-b09a-8e70bd6b17e4.txt
Submitted job 9e36f0a1-b49b-4c79-b2b8-22ed085527b1 for file data/5c8d73a7-fcef-4b3c-bcc3-4d8ab4314335.txt
Submitted job 744ddb49-37a1-4ca9-a03e-defdf0fb24a6 for file data/0a801e45-1441-4534-a7e8-99bd955005fd.txt
Submitted job b3f96daa-b041-405d-8fed-041d20f31ccd for file data/5daaceb4-ed8f-4f74-80b1-939e61c0ab05.txt
Submitted job 8c78654d-b736-4623-bd88-5453202137e2 for file data/4f056a3a-763d-4562-9bb4-b1b3f6b95777.txt
Submitted job 4bcf8204-f7f7-4b4b-b1a3-8d55fdb9f7aa for file data/765df438-0927-4676-a0aa-dc5565c2ff65.txt
Submitted job 0094e39f-9365-4b51-8c2c-1ae1ddabda18 for file data/3cbdcbb3-c66d-4949-a079-1e6c971ccde9.txt
Submitted job 6f666b83-714f-43b9-8286-10bb4b71b1fe for file data/7f878bd9-2d40-41be-abb4-db53458c621d.txt
Submitted job 2646219c-1d07-4644-9f62-b3edf3bb5648 for file data/410a40ad-4bee-4ffe-9420-6cd4f0301159.txt
Submitted job 71e35744-6ab1-49ef-9d5e-72044f34a8da for file data/bd833043-2472-4e4f-8a31-cf1e55b9b54e.txt
Submitted job 69ba95bb-a063-459a-9dd6-6606dbc5b698 for file data/cf0e6b82-d6bb-480d-9790-8d7401cd727e.txt
Submitted job 8be5f458-4bd2-4378-b2a3-7f72f9b950c8 for file data/b03cfdb9-5d67-485b-825e-daa7504c9d56.txt
Submitted job 0131d104-8c95-402c-8dbf-e773c1401a49 for file data/c285ba4a-5ffe-4c63-986c-7144a59d2775.txt
Submitted job 9eb074fa-afea-4544-8321-4db5467aa9c6 for file data/8cccd33e-4ec4-46ce-b2ea-47c65217a9ed.txt
Submitted job 5278888d-00d9-42dc-8140-3318639dcb09 for file data/2d2c931d-8490-4241-997e-e79f935b38a9.txt
Submitted job 9af0e056-a981-432e-9dfd-1db5092c70b8 for file data/f307a564-77be-476a-ac99-43234a5285e2.txt
Submitted job 286cf9d2-b9c0-4961-97c8-e4f5d6c1719f for file data/d2343eca-be3e-4dc1-a525-4ec223569d8c.txt
Submitted job 473f6189-b3fb-4647-b95e-cc8b94ca365e for file data/593c5ac5-4a60-463b-91fb-d6d04ae5197f.txt
Submitted job 18b3099d-f7e1-43e8-8a39-543d319cf96a for file data/fd9b1428-ad9f-48e3-ba67-45f0b100aec2.txt
Submitted job eee50265-4d92-47e8-98e8-6bfd6d848203 for file data/b07003dd-8bb7-4a45-ad8b-47e164b338ac.txt
Submitted job 73d51989-57fb-43ef-b577-86d733853dd2 for file data/69ed7931-9d6d-459a-aca4-dc06da554710.txt
Submitted job 32d35dd5-08e0-4da0-8ecb-be6ce7c2274a for file data/2f2807f1-3903-4524-b159-e7f0cf0a7736.txt
Submitted job 924d62c6-3523-4f01-b096-d57a06119aff for file data/b8751b8d-30cc-45fc-bb55-f6740bce756f.txt
Submitted job b8764769-695d-4481-86ef-a1ba53ceb55b for file data/a14b4df9-fcc6-44bf-811e-2748da6af522.txt
Submitted job f2f593ed-0511-4d97-b5fd-38f1ac79e7ab for file data/fec7c40c-821e-4cc4-b763-279cba10488e.txt
Submitted job 20f6934a-4d39-4ae7-aa0e-c6b0bcc3d5f8 for file data/e56d9324-6d29-4729-9d4c-455f69f9ffe7.txt
Submitted job ca3b571c-82e6-4dcc-969c-b49164b492ec for file data/5aa1d0b9-3328-44ea-a26f-55579846d48d.txt
Submitted job ef22bf45-54f1-4e88-be95-5cb1c926505e for file data/6a711991-33d2-45f4-8b04-e0b56ab8dba6.txt
Submitted job 20b5a3af-afe6-42de-9288-3b57692e4484 for file data/6370636e-b62a-46b2-8043-cf6c9c497e4c.txt
Submitted job a4bc6d58-732d-4dcd-8149-bdeace9daebf for file data/8f791dd9-02ac-49fa-8c27-26f07fccd469.txt
Submitted job 2d1c3301-5ae9-470d-97ce-19927e01bd2b for file data/bc84ca62-4855-4d2a-8815-5daca55f4dad.txt
Submitted job 3bc2e5e3-f227-4400-8783-9f6b333b3e6a for file data/cfe6e935-ac3e-41e3-a9e1-576078a9eecc.txt
Submitted job 76d1ba03-6ffe-4d65-854d-8ad21fc2ba9d for file data/047b2aff-1ef4-4b06-9df7-500641a23b03.txt
Submitted job 6b0e1a7d-7a80-4cee-99f9-28c799e25471 for file data/fad19c3d-2cd3-45b1-ba92-85581258d3e1.txt
Submitted job 3eb2fe94-7def-43f2-89ee-d3ed1eee8323 for file data/51701ff4-44bc-4b6e-988d-597f9c8c7122.txt
Submitted job f4d66beb-53a9-482c-a314-99b287c37a9f for file data/96637490-43c8-4ee9-9681-fd867605a51c.txt
Submitted job 218ef41b-3ed8-4c26-bad9-8bb3aec8d53e for file data/3b1d47a5-beeb-4875-9263-b162dc4c8025.txt
Submitted job c92e9efd-b332-4227-93e2-0660ddb8260b for file data/ddd248a4-106c-4f5f-9f58-eaefad836e36.txt
Submitted job 8d078934-33f8-4bb8-b65c-01f24c609041 for file data/2c03afbd-42cb-415b-ae2a-0050fae2a1df.txt
Submitted job 3b837bf5-6ccc-452e-b10c-e9806f2f6c5c for file data/26997ff3-fd66-405a-bb30-893a551504f0.txt
Submitted job 6ebd45f0-a786-4fc2-af39-b48414cba8dc for file data/f00db6f4-d670-44ce-bf70-c74648857366.txt
Submitted job 5a994324-b0a8-460c-8e95-44a66570bcbc for file data/2c7a17d0-386e-44da-a498-efea63a29954.txt
Submitted job c14945e3-95de-40f0-b418-46da85a9191a for file data/13277db8-98f0-4aaf-bee6-e485fe29c6f0.txt
Submitted job 9e1aa116-fd5f-4f9e-a0cf-4d9efcb79052 for file data/249ea4e6-4dba-4ec7-bced-8717a077de19.txt
Submitted job 00560583-95fe-418e-83f6-114ddd2dd3e7 for file data/0393e716-6637-4e82-b8d7-d84260de299c.txt
Submitted job fb8cc0e4-58d3-4948-b6c6-b34e5b35bc04 for file data/4e5ea9c4-02df-4af0-b682-d51344755225.txt
Submitted job 273de4bb-d3c9-4e58-b76e-a6c51ba6db01 for file data/aa57aa64-5775-4f06-8f1c-3bf6dba13c8e.txt
Submitted job f72c5986-090f-478c-a00d-ce1dcca398a5 for file data/fc3fa6db-267c-46b5-8acd-24e62f15f61c.txt
Submitted job 66827f0c-8b8a-4def-a4e6-f1f097d0cd52 for file data/f1bd628e-5dd8-4c37-939b-76b163bee26a.txt
Submitted job 6d089f69-b1e2-42f3-8ad8-e0d222b6833d for file data/72febf7a-cb0c-4e4d-9ae3-dcc7214e65b9.txt
Submitted job 282e0172-4374-42e4-9b03-9d15c2ad7627 for file data/b27f0278-0ab9-4920-8922-744c7341a548.txt
Submitted job b97d869d-d6d8-4b38-b94a-27ccc8fcea9d for file data/ee4249bb-8c0e-45e6-91ae-2b42c513bd96.txt
Submitted job f7af6c70-64b8-473d-983f-dac57df1dd54 for file data/103a275c-a524-4387-bec4-ed0b7ec18280.txt
Submitted job e4a6226d-eabb-4c4e-aee9-26cd58cbcd20 for file data/57084490-0211-469f-9a57-4dd27911f07b.txt
Submitted job 27aad8cb-b3e3-40e6-ad6a-0ae120a27ffd for file data/7db6cf0f-f252-46e7-a3c1-90621c724fbc.txt
Submitted job 98d25cc8-b85c-4bad-924f-a684e3cd9ec3 for file data/ab647b88-2c6a-44fb-8e9e-9a6f40924604.txt
Submitted job 2a5a4e9e-2448-479f-b096-7bf0e88bf0ff for file data/492ecc82-ec7d-49f8-89c6-0ca71825a711.txt
Submitted job a18bb884-1ca4-4a98-ba6f-31ec02cd86ff for file data/f577d167-7c84-4372-adad-824a81e1be7f.txt
Submitted job 8600d12d-986e-49c4-8164-565e4aa0b488 for file data/f0eeb4ca-0e17-43cb-a8e4-9682258313a4.txt
Submitted job 9a96abf9-89ce-4e4d-8207-6b80a27bc9e5 for file data/243ec9db-de26-47f4-8ba2-f6f6e53cfe01.txt
Submitted job 424be23b-e8b3-4f5b-894a-10c5e303f2ad for file data/f9f8621d-cab6-458d-a81b-8df21f30dc0c.txt
Submitted job f2583aad-7e00-49cd-9e12-3fa5a74a2536 for file data/2499c996-724d-46bc-86dd-476f89c677b6.txt
Submitted job 05589e02-a7b8-4bff-a03e-6242eb3bb243 for file data/35325dff-6c80-4530-b2a4-23d3a9e736ac.txt
Submitted job 291311b4-0fc7-4a99-8380-f18d9cef6ed0 for file data/6c8422f9-c5b1-4f51-ab00-9216fc02ba2a.txt
Submitted job d20454fb-0bd3-442f-aef7-b437a93873c2 for file data/f1156f4b-d685-4d54-909b-c4380835619c.txt
Submitted job 7e1b0121-4667-4ca2-86ed-776f5d672253 for file data/03ea3b06-e2dd-4bc6-a88a-838e623fdd77.txt
Submitted job 93525843-5b77-467e-952b-8907a6c6f5be for file data/f5bae079-94b5-4ee7-af55-c21de2226c17.txt
Submitted job 7ecce4e1-2fc8-4635-a2a1-7ac5fc267b7c for file data/8daccce1-d47f-470f-9bac-82d9857c9908.txt
Submitted job 75488ea0-7c71-4822-917c-899b19e762c1 for file data/475f2631-4c2b-4f01-b658-9bb05e5f3ae0.txt
Submitted job 24226298-a240-4605-a40d-14e87e3be4b2 for file data/06cb7aa5-0427-4899-b9c6-eb5a87b42be2.txt
Submitted job daf3021e-88d1-4725-8f52-64c7f3d1a346 for file data/85df7bc1-1e6d-4247-9067-6b5435d41030.txt
Submitted job 09d62f36-204c-4342-b18d-51c038bbdd80 for file data/764a7282-6198-42c1-ae00-8f382f0fe2cb.txt
Submitted job 65dec232-0326-448b-b6c1-51e4139ab1d6 for file data/5211be87-e66b-45f2-a639-aafb628a78a8.txt
Submitted job 523adff2-e503-4e72-9189-d93782e9915f for file data/53f31383-a4e6-407b-96ca-95541d0d7aff.txt
Submitted job 683c1ac5-fdfb-4b5d-90e5-7dfd316736f9 for file data/c33bb0c9-6ede-42b4-9692-62ba116576fb.txt
Submitted job 0de50a6b-c5a7-45ca-b008-c1d87e7d7d75 for file data/760d152d-4686-4d4e-a70b-5b86e59d19e8.txt
Submitted job 46843288-316b-451d-8026-b964a1608518 for file data/43a7c50e-9b5a-4e02-a25a-6f80dabd27ce.txt
Submitted job c695399c-6e00-4fb9-9e6d-97bcf0eed94a for file data/5ec2b492-e454-45e3-9d1b-92421aa3edc3.txt
Submitted job 9d1d6d9b-d5ca-4f4c-8adc-d5d38ef62de2 for file data/a5c8a1de-e0e0-41bc-9339-63e6200be611.txt
Submitted job 5672b77d-5485-4a17-9e77-2eb34c4ea1f9 for file data/d019bf93-90f9-45be-b648-c3d1b147dbfc.txt
Submitted job a6c62ec1-36d0-417e-9d69-9ff197ec2743 for file data/153f50cb-6240-47c5-a96c-a3168e08cd93.txt
Submitted job cf51ef8e-7389-4328-b147-d4b1af2a7f55 for file data/80560ed8-9f59-4a37-b189-3ee18e5bc66b.txt
Submitted job 7b1c1ca8-f029-4fc9-8479-f29eee25ca36 for file data/5db21c95-e9cf-4094-9f45-53e85665d123.txt
Submitted job f18b11e5-138b-47af-88ec-52ded8b37fb7 for file data/ab6e782f-330d-4773-ae34-d294496aff1d.txt
Submitted job 32be7d61-5054-484f-a8e2-ae09c12cefe7 for file data/1cc17e80-ee4f-4d91-85e7-62007e8dfb06.txt
Submitted job 22b476e3-2c15-436e-af7e-17c3fcd829cd for file data/7bbdb427-4861-448d-a7c1-58dbb4d9ccc7.txt
Submitted job 8b444bdf-2300-4355-a87c-025b99733d23 for file data/ea8d7d21-9fc8-4704-847d-663382641aad.txt
Submitted job d5691678-ad3e-4107-acb1-4bcfa412b2ae for file data/df0ca496-cb95-4813-b630-6de2d0d2b40e.txt
Submitted job e3cc0cae-f5ff-4fe5-b969-cac004f2b6d7 for file data/f04d33ac-9948-4789-b2c4-afbc0741ba11.txt
Submitted job b46ec18e-23b6-46fa-837b-fafa56663541 for file data/a179450f-6dce-435a-a6a9-aa07e1b55854.txt
Submitted job a11df6fc-2242-4e6b-bfd5-08d405aa643b for file data/536f51ce-5dc6-4e8c-8036-04c53f01fcce.txt
Submitted job a1ec54a1-2933-42c4-910d-9ce9216668f2 for file data/04ac4ba4-51ba-4e17-abee-70c42881111a.txt
Submitted job 5f9be3ac-a154-40c6-b2f6-5a74ff2149d7 for file data/dafb1d42-6bcb-4799-a4e0-7cc671b55326.txt
Submitted job 17f7d40f-5f94-472b-933a-01eea91e8352 for file data/65235481-62a3-44e9-bfdd-2509800712a4.txt
Submitted job ea0dbe0c-e693-4eb1-bebf-2861510ce7a2 for file data/0a4cd7ae-ed61-49e9-9b54-04e319a33eba.txt
Submitted job bae0bbf0-dd20-4a7f-9750-e116a611a941 for file data/0e9f7a86-136c-4728-9d84-4b59ac1f1271.txt
Submitted job 339eb381-2660-45bc-809e-e879ca7dc5cd for file data/223bedff-1aff-43c8-8b6a-2eab3ec24b5a.txt
Submitted job 05ac5a6b-e7d0-454d-989e-4556382fe580 for file data/a7544158-d184-421d-b6bb-47fe6dfaba5a.txt
Submitted job e97443e5-0cf1-46f9-ade0-f2000dd25732 for file data/53086425-2a51-4020-b9b5-9dee94bbbc1f.txt
Submitted job 5381a069-4cc5-433b-9b7c-1070cf686066 for file data/938245e3-74ce-45bf-a8de-1d699ffd933b.txt
Submitted job 6122955c-e898-4a2a-961e-14f64cdc384a for file data/5c6aa191-700f-405c-a212-f8955762d8de.txt
Submitted job a9633f37-34bf-4358-8799-d33b84eea801 for file data/b75626cb-327c-4cac-9c22-1fdc48aea6e4.txt
Submitted job a4440baa-21e5-41f9-95ba-7ca3f31efbb4 for file data/70f5011e-4cfe-44fa-8347-28b7dbfcf0e3.txt
Submitted job 1be00b06-7d50-49d0-b669-45f5bbde089d for file data/28bcae7f-ad77-4044-ae98-7c80ae8000f8.txt
Submitted job d4d3bdc9-b674-46ea-942c-7168d8bd6977 for file data/ead38cb1-72c8-4606-a500-5802cb208035.txt
Submitted job e066c219-f3ed-494f-bc46-a9e4fd8b923f for file data/41c46ed7-9978-46ca-9755-db175fe71787.txt
Submitted job a39ff5c0-28d7-43f2-82b2-6de6a1886dac for file data/7d736d6a-fddf-4abc-91d2-e918e81b54d6.txt
Submitted job 0baee057-78fa-4ecd-903b-bb317617b130 for file data/09c8f371-a021-45d6-b653-ba752550969f.txt
Submitted job 7ddb420e-e411-4911-b0ba-14e09fa95e6c for file data/04eaf09c-4c80-4651-9f25-0122dc98117e.txt
Submitted job 7ba612cb-04e8-45c9-9416-55ffd76eb917 for file data/ac89a1a4-41db-4a25-9512-3acca4097a81.txt
Submitted job eaf6c9d3-1a6d-46c3-be6b-95aafc4dec52 for file data/99bffa28-ebd4-4cac-a317-0621f1b60ac9.txt
Submitted job da26d301-0022-4f80-a830-04c1e5b1f4dd for file data/e0bfdb68-1e21-4ac7-8bf3-c192bb3a98d6.txt
Submitted job b0f4159d-565f-4e95-a756-ea27ebf02962 for file data/8cf4596d-60f2-4c2a-b8fe-5c024200a5b9.txt
Submitted job b3ca2056-f0f5-4b7c-9e3c-49d42091385e for file data/dda0a435-64b9-464e-ba7b-badfc9b7d27b.txt
Submitted job e5aded7b-ff4a-4bb4-91bc-16dcd02d140b for file data/65ccfb5e-5b80-4092-899b-d73b1bdd4beb.txt
Submitted job 289c8f46-b80f-4210-9b1c-1d3748d36bc6 for file data/b898e356-ff17-4a9b-8b66-639ce671c49f.txt
Submitted job 6512d3ad-18e1-4f47-b4e2-8fd8d7e61888 for file data/980aee1d-77ab-423a-916e-7d8d2ea95cd4.txt
Submitted job b314004a-0f2a-4d2b-9a50-e96884ab9245 for file data/3d41eb9b-7caa-4bc5-bd0f-6262e436267a.txt
Submitted job 9ff2e031-bdb9-44ca-a825-ba1cf648252e for file data/a9dcb8b1-8b3f-41a9-aea4-0f74f046adef.txt
Submitted job a5e5e70e-3a42-486a-af66-ddfc3662332a for file data/e32853ef-c3ef-49da-9c31-466ea6933cd4.txt
Submitted job 60880404-0c53-441c-ac1a-165af3979ac4 for file data/f9b3d8f8-80fe-4f2d-9a85-f1b9497f2e70.txt
Submitted job ca073b30-cee9-4e58-9c60-75afe598b30f for file data/cd4011ac-de5f-4072-a869-3fb599ae8c8e.txt
Submitted job 03c7b429-c69f-4460-947e-37a0d9fd177d for file data/25e30be2-f4d9-432d-bdbb-31a9808448f0.txt
Submitted job 4a3aa26b-e72e-4116-bcd6-acfd1eac96c3 for file data/b4b01940-dde6-4b0d-8591-72ee27a22415.txt
Submitted job d3ffc5bb-4dc0-4104-bc71-b8be995bd184 for file data/71f9ad0f-c102-4416-9b03-b247ff799997.txt
Submitted job d5811461-d1cc-4c3a-97dc-b1e3780ed9d2 for file data/e05abdbb-7149-4488-a99e-66eb03c53cfe.txt
Submitted job a65fd130-0478-4e12-a542-68fae36a3ec8 for file data/429801de-1fc6-409d-9294-83ceda88b428.txt
Submitted job 9c50a385-cdca-4753-8c3d-0015901b6bb9 for file data/40f8e01f-6e72-441c-ab36-79dc03671a47.txt
Submitted job 0a295097-c103-4251-a197-9d1c6890aa6f for file data/d8ce33d7-7631-414a-b624-a3a85290a2bd.txt
Submitted job 3030e36d-7672-4162-8bfe-393b0698d080 for file data/6da8f2c8-fd8b-4078-9eea-d742d5f39ce1.txt
Submitted job 806ed342-e377-485a-a75e-b439a7fd1e9b for file data/bdbb2d14-a7a8-4e51-bf96-4ff32db82d06.txt
Submitted job 70aa3d89-fd0b-4f9d-b90d-a12b9fe414d8 for file data/8c92893d-9ffc-4d86-8404-565d1da3cf92.txt
Submitted job 31b4737b-9704-4854-85c7-3a2d58ab597c for file data/ff6a02cc-e575-44d3-bfe1-043542e508f9.txt
Submitted job 758fbac4-bd6e-496d-bafc-08999050e1a4 for file data/5cd6f594-e665-45d5-af54-b7a0733d422e.txt
Submitted job 1259900c-1738-4afc-9465-78bf55be3361 for file data/b9b8dced-a525-4572-a7ef-fddabf2f9d61.txt
Submitted job 76a1b6a9-61b1-4031-95ad-b6bfcef0d946 for file data/4b4e66fe-4043-4c4f-b667-00500f05c985.txt
Submitted job 6e6c0d43-a92b-47d4-ad49-98abd0789559 for file data/fd2a0908-2acd-443f-8ded-b5462bf58feb.txt
Submitted job 222ec546-d3c0-47e4-8ec2-d75cf061d886 for file data/114ee7cc-0ff5-4701-aee4-d0598d81beca.txt
Submitted job 61364feb-66d1-4284-a156-2e58d0b60e20 for file data/e6d241f7-812a-4239-a66b-eab010dfca32.txt
Submitted job 51858e6d-4c4f-4c7b-9d71-0a90e5eea40f for file data/5d715791-eea4-4a4b-a2e7-7016b2b2641e.txt
Submitted job ac9bb6d0-647e-4af9-9057-918ddfd1a6bb for file data/46790d2d-ad20-4bd7-8890-760099f32552.txt
Submitted job db732213-791c-43b4-ad98-762ee4d74d31 for file data/0acd2945-94ca-4611-bf1a-7cb2437acf44.txt
Submitted job 8dfce6f2-bc9e-401e-b294-00eb2029e897 for file data/2a25ec72-30d7-4fdf-aa23-7bd7dc45ec65.txt
Submitted job 1575abbd-9256-4b2e-af6c-8a5d48c2fd1a for file data/be6d10b1-04ec-4c49-8e24-82d6c93557a8.txt
Submitted job e85ddee7-c014-4403-a8fa-81e6796efa4a for file data/f922ac6b-fa5b-4636-a6a1-83118a028238.txt
Submitted job dad4235f-75f0-46bf-a37f-cb3ff91fb9c3 for file data/00842f03-8d25-4c6f-8b92-e8a36599e901.txt
Submitted job 602997ad-3195-4e7d-a61b-04d1c9403496 for file data/f22a5a56-e792-4cc6-abdd-41ee3589ef10.txt
Submitted job 2e3f5145-414f-4195-9810-02b1db0403c6 for file data/086a767d-eafb-4390-959f-15a9f8fa8b70.txt
Submitted job 16667f03-d8b5-4537-a6df-a03033deee6e for file data/b1ad5c0a-d220-4324-9524-b0fc3dcde326.txt
Submitted job a2bd456c-a3ca-48a6-b46a-878974b02c35 for file data/5bb1a6e4-5497-4e52-840c-c1a602e849dc.txt
Submitted job 4597e4e2-14be-48fc-bb23-3dc1f319cf54 for file data/f3dd9172-bdac-4317-ba8e-b028e8c6ed29.txt
Submitted job b5464b62-d7e1-45d3-964a-8e6dab162782 for file data/ec23fa47-a47e-4012-812b-dc8bfab77489.txt
Submitted job 23f09312-501a-4078-9e8a-133b695e2950 for file data/c10c5830-de4e-4e6c-bc2c-8ca7f37f19e4.txt
Submitted job 180068fd-936e-49f5-83b2-7149d73c1b3a for file data/250e5df8-d998-4085-92f8-ce6d76cc0765.txt
Submitted job d825e033-9369-44b6-84ae-f0d26335ac56 for file data/316e6a87-129a-410e-b7bb-f8b99ff9ee28.txt
Submitted job 37ea21c8-2186-4ce4-a825-b85ab3df2f31 for file data/6230e356-f05f-4f0b-87db-dcd27ace27ff.txt
Submitted job 90100ddd-7e5c-447c-9cfa-54c82eb7105c for file data/7b6e69f3-af80-4e9a-b525-d65064e31081.txt
Submitted job 4dfda554-8e91-4dd7-9fce-de5f67fe20ed for file data/c6c678e0-3a8c-4849-bb3f-ff148a4e24d0.txt
Submitted job cc428412-a03a-46e4-a9c0-26ae246e10b1 for file data/731c76f6-3965-463c-bfe7-374732b672f0.txt
Submitted job 6efe06d8-41dd-47d4-b7d6-044c3ce3d069 for file data/61c7721e-5123-45fc-8b35-27f9e2a96709.txt
Submitted job e2901b3f-40b0-43c8-b44c-c09639d30c05 for file data/d63a07bf-9aa5-449b-9586-298a32077cc4.txt
Submitted job 9ca26777-6ded-475b-b2cf-59d8ece0c9c5 for file data/2d7d5ce6-933c-4791-8909-557a64646178.txt
Submitted job f5c7c515-a3e0-4601-a93f-0f2cdb42b360 for file data/13a63090-6c8f-408b-a595-ac1977162dfb.txt
Submitted job ded966bd-7bd3-4df9-a76a-f3d425eb2ec3 for file data/a465db44-1afb-4840-896e-341835d284aa.txt
Submitted job 25f8b4d2-75e4-4136-89e9-c52c083d8c7a for file data/3160aad3-4f80-43e9-b9c9-767aeb29d67c.txt
Submitted job 583ce753-6ca1-4598-92a1-7930006cc49c for file data/59c87e26-7273-4b2d-b981-7fe47e5759ea.txt
Submitted job 61eb537d-ebed-4de7-9b50-7257816b4006 for file data/50285e52-bea5-4566-98f7-6fa8eec008ed.txt
Submitted job 9ff8c60a-af81-419d-9b09-b6f341fc08d2 for file data/1cd53feb-8300-4d48-9616-f901726383be.txt
Submitted job ca28e429-064f-4c87-91f0-b3966e042261 for file data/d2c0f5d6-485c-4bff-bee1-275c3436c165.txt
Submitted job eb798e95-d923-4cb4-b20f-c697d43f1c22 for file data/c43ad4e1-aa04-4248-b361-7d9533cb193a.txt
Submitted job 6d0437e0-dc6c-45fc-99cd-54bc040d96be for file data/d4cd3b49-ca2d-447d-a72a-cf99faaab954.txt
Submitted job 5e654dc9-f4db-488a-9283-3b5d9ce5de1e for file data/b7e02d7d-9332-46e9-835a-d2c08a93e46c.txt
Submitted job 26fe987d-b6cf-49fb-8237-0515c865d6c8 for file data/ade3307d-3239-4114-b116-88ab78dccf26.txt
Submitted job 1e9cb221-50d3-4952-bd56-9c05dc8f8167 for file data/ee0afe90-931b-49f2-b4b5-87eb468a04e1.txt
Submitted job 7d3ec9a1-56d7-4fb4-b68e-c42a3ad9a43c for file data/db1cbeb1-a10f-4ee0-809b-55c647535dfc.txt
Submitted job fde434f3-fb20-4237-bc49-37ea4437913c for file data/e052f316-a2a3-4204-a0e8-780d86dcbf3d.txt
Submitted job 20248f81-1d87-4dc4-a7d0-9bef0dd2ccde for file data/4b46a10e-454f-49fe-91a2-673bc4e2e660.txt
Submitted job f43a466c-ce12-4a06-b233-1e0f887f1dc7 for file data/3280f658-b8a2-40df-b0a6-d91c74f155f0.txt
Submitted job 6cb5d25e-97f9-4731-872e-2b14b3c5edb7 for file data/b5d783e6-8b55-4b2d-80a1-5062e035059d.txt
Submitted job abcbecb7-333b-4cab-9a66-7ddf860a1d6c for file data/7edc9c18-87ea-4c39-b4e5-b7a925d5e888.txt
Submitted job b3dec537-a04b-4c40-9309-9674fb90f8b9 for file data/d6fa2e90-0056-4efc-9ad8-155c9415abb1.txt
Submitted job 52fe817c-5e07-41da-96e3-6a24faa35556 for file data/6c15c637-aba3-4ae7-9879-317848de3d3d.txt
Submitted job c5e1e742-5fb7-4d67-a8e8-7592e36ba963 for file data/f29abba6-d7d4-4342-8f8a-2bf6d7d1868d.txt
Submitted job 68471ebc-c04f-4a57-b8c0-b04d93f37395 for file data/6f633258-1f17-4fd7-80ba-2466c6aa5e73.txt
Submitted job 754cb66f-ba71-4d84-a8ae-7a6535f7e66e for file data/81151ca1-ebd7-437f-9d3c-72805b8833c2.txt
Submitted job 7151462e-65c1-4bf9-93a2-f6c728f72913 for file data/6fe0cf4c-a6ba-43ef-ac30-292c936e35ae.txt
Submitted job f42d1860-9857-4a58-8776-08457f3b35c3 for file data/f75228fb-5b27-4898-b98b-33e823eae9c7.txt
Submitted job 094ac17a-3d60-4327-9d74-d62251cca063 for file data/fad0da4e-0286-4906-93e0-ea7791f175e3.txt
Submitted job b2218c0d-1683-49b3-807b-0cf45e0ac4eb for file data/45e1fa3a-d4c0-4f54-95c0-091c8027a269.txt
Submitted job c3603af1-543f-4c5e-8958-35170ce15d30 for file data/15672591-788b-48ec-b258-3a7deef18557.txt
Submitted job 220a41c2-8bf6-4447-8574-ea96afe36e21 for file data/8892355e-40c5-4847-9c9f-cf424462ea84.txt
Submitted job 5b0ab9fa-caad-4b2f-9af2-5746f575d4b6 for file data/819b2422-b5f9-4899-8bcb-535221ac08bc.txt
Submitted job 65a4df4f-e60f-41c9-9c67-66369b7085be for file data/34657692-a819-4bca-9ad6-6a4c026e7054.txt
Submitted job cb5c09e3-1f2d-417e-907a-b1a9eeac1fc1 for file data/b2b13497-c3f7-4f3f-a941-080a8280a25a.txt
Submitted job 04d97ba5-ea4a-4f69-9d0e-3424b7b4ddbe for file data/d63a701e-dc3d-468a-b778-d6bd349e412d.txt
Submitted job ffd8bb35-3492-4a8e-a378-748bfebd4aeb for file data/4d425e02-eb61-4120-8b31-5f8aa4cb514b.txt
Submitted job d6cc48b3-8972-42b7-a8b5-4766bba748a0 for file data/370eef39-b4bc-4178-a76e-819c2aa874cb.txt
Submitted job fadee30c-978d-4924-a88f-d563d40940c4 for file data/0139b976-8ce2-420c-809b-e04cfdc817ef.txt
Submitted job ddadda83-343f-4bbd-9f91-5feca64ac8e2 for file data/05f67850-ce45-4abc-a460-cf35800b1b9f.txt
Submitted job eb584061-c121-4abf-a2be-1a8fd861c60d for file data/d40e9d03-099d-40e3-a385-63505538ca43.txt
Submitted job 79a29948-34de-4cc6-b83e-41412a2a1ca0 for file data/a96e1ac6-f03f-4d50-9a4b-e1164b9cf343.txt
Submitted job 103d406f-d667-4bfa-8f15-10a626453bfb for file data/ebf420f2-6bad-42ab-abda-fa8e3adc2726.txt
Submitted job 57e6fda3-f017-4b71-b819-9a010eb7c269 for file data/6e8a5c60-ec91-4ca6-abaf-7d839720c594.txt
Submitted job 39be1b1f-f870-46dc-bfbe-c3c6f324ac4d for file data/f4a055a2-6191-46d3-8065-68efd9305002.txt
Submitted job f1ac8983-5df6-4aa6-a945-6dffe5b4603d for file data/0266b765-d490-4bbe-9e2e-897fd3f78dd8.txt
Submitted job b896961c-f6dd-4945-8c38-337bef361865 for file data/6bbba710-3667-4a77-83c1-dc447eb25c3d.txt
Submitted job 8edf5a12-6c5d-434f-8ced-4e194df9e65c for file data/66e5df7c-ca35-4b05-8af5-b677be4f2899.txt
Submitted job d1b29cf7-3520-4daf-924b-43eacef8e532 for file data/1dd58575-efef-4c8b-bba1-5897429c31ca.txt
Submitted job 72a46958-3683-405b-9425-0525510378ab for file data/51a41d2d-4fa0-439b-a5b5-5d7ab56af658.txt
Submitted job c54c2d93-cb3b-4b84-b9bb-14b267024438 for file data/5fd64a5a-b17e-4cb3-9b7c-617e1c432ae3.txt
Submitted job 9e8f6078-aafa-4c19-8edf-86f180859a7d for file data/d5866a77-e3b7-437c-94b9-be19d68337e7.txt
Submitted job 1fd4c186-5537-4656-ba93-1750ce6b28a5 for file data/c0c9b93e-5ece-4516-86ac-a23db7d8c578.txt
Submitted job 967c03d6-4b75-4a8a-b98e-7f08f44e3080 for file data/806aba76-cfe9-475e-9d48-809e6a2b8274.txt
Submitted job a5ae8fe2-a9f2-4e49-b273-93b221db8e9f for file data/c38b27a2-156b-4179-8d32-44f60f4f451f.txt
Submitted job 55169023-fa3b-45f2-918e-a00d36a75da2 for file data/704c723b-b7a8-4767-883e-16b44e81f1a8.txt
Submitted job 751ed185-ead8-405d-a14e-1a12b902381d for file data/a38d154f-0013-4de7-9840-1c45bf5bc5f8.txt
Submitted job 238d0a56-1dc1-4466-852c-591ea7bf2e41 for file data/c4b31573-56bb-4033-88cd-e54af1806dcf.txt
Submitted job 722aa354-4ac1-480c-a4d0-257bcd7baf9d for file data/9a773fb5-31cd-4a68-bf81-9e29be7ac2f9.txt
Submitted job 984eed62-9e37-4cab-9672-f4339fc592b9 for file data/be51e5b4-ca9a-4895-9d27-99afc375a04d.txt
Submitted job 9d80503d-1f5b-49dd-b7fe-625313766b15 for file data/2d7c203f-7d6d-4236-abc8-386dfea552bd.txt
Submitted job db76805f-4844-4f34-a80d-d82586b14bcf for file data/6e382104-7b3f-4653-8132-d9f12e6542d6.txt
Submitted job 92e6efea-f127-49ca-b198-6274c5589b8d for file data/4e4685b8-9d35-461d-91d0-00443eb55beb.txt
Submitted job 261e97ef-85aa-4858-834f-9eed40663bd4 for file data/d42f082b-bbc7-4a5d-b60b-0204f30c19ce.txt
Submitted job 482167c7-93a4-4296-90ea-bb787bd51c2d for file data/6bbdc890-b697-484f-91be-9367cf66a73e.txt
Submitted job cb27f3d9-70ad-4ef1-b686-508fe6f6ff80 for file data/03f5c765-d6a4-428d-b048-f9d6b4d335fe.txt
Submitted job 60ab5718-5d8d-40f4-8b70-c46a43367f9a for file data/c0d085eb-31af-4f99-9b9b-e0c3481a7584.txt
Submitted job f198b61a-6ed1-4f98-acbd-e8a395dad698 for file data/04326ce0-61e4-4cf1-b757-f74fb4a029c9.txt
Submitted job f29f4bdf-c54a-451a-a3b2-8e2ab2959143 for file data/eeb8f74b-ae1c-464e-a049-fdc9cf37d273.txt
Submitted job 102a3647-9d53-4819-8011-67cc224fa1da for file data/71ccfe9c-0932-42b9-87fc-07dfdba1961d.txt
Submitted job faf32ab1-f0d1-4ab2-a922-d8216299020a for file data/9ac06c8b-50af-47d9-9cd8-0cda843267ba.txt
Submitted job d59442e5-9b88-4a20-8b31-cadf95460cea for file data/543fa8cf-1262-482c-b429-362d4428a1e9.txt
Submitted job b2f6bec7-e015-4276-b489-d13dbd14698e for file data/1e492ed9-3b18-4cef-9e9c-4d50820ef1c3.txt
Submitted job 1cf1c28e-a990-41ea-bae0-a88d3f122faa for file data/de1e1883-6ebb-482e-b304-34905a32d988.txt
Submitted job ff792c0e-00cf-4638-8293-fbdd7f5954a6 for file data/bf704a9c-1df9-4389-a0c0-64fa65620e22.txt
Submitted job ac765fa3-81c2-48aa-a007-39361709e6ea for file data/b99e2481-ca17-47f4-94e6-83f061e13e18.txt
Submitted job dfacfc2a-9315-43fc-b82b-ac2a36b24a10 for file data/7ce312d5-05fe-481e-bf39-e6057057f60f.txt
Submitted job 85586e3d-e932-4527-bde3-d374583e5a92 for file data/6ab53021-796f-4073-8a0e-c3378b9a14f5.txt
Submitted job c8442a92-8363-4e61-a3fb-fd9c0728e2d9 for file data/ffe7c054-3978-46d8-af98-b0e5ac5f137b.txt
Submitted job ec3d6bd9-1285-4042-9711-f42b483d5654 for file data/097d74d2-9285-4ff6-ae65-9fe8063a5a65.txt
Submitted job 33aa0c5d-f9da-402a-8f28-976d6295840e for file data/a908b7d7-54a9-4ab5-9ced-294ca9550448.txt
Submitted job 8f47a422-83d0-4d91-a8ac-1d554f169fd1 for file data/bfe03045-ef50-4431-9e02-c88206032694.txt
Submitted job 14661ffd-9cb2-441f-82bd-e7331bfcd85d for file data/853397a8-3c45-4d0b-94a3-0ad769efd470.txt
Submitted job bc866d0a-d8bf-4207-a6c9-89ed12423c9f for file data/c786d1da-8af8-45e7-94c6-41573460d9a3.txt
Submitted job 1a33ab72-f533-4afd-88d9-82b08c27f704 for file data/53dca3a6-8e37-48d7-9e6f-658d0c2a2810.txt
Submitted job 8a002950-5e32-4f7a-9ab0-b9088cdaaa75 for file data/7cef909a-6087-4507-ae0b-17e84ea0a029.txt
Submitted job e284d228-7332-48fb-8021-39a40739adeb for file data/9a2205be-bf77-47d1-b724-dab5ad686dae.txt
Submitted job fbfed333-5791-4e10-a108-49b4aea27e21 for file data/9a5e09c7-98a9-44be-925a-61ffa2310bc3.txt
Submitted job a3116017-81d7-43d9-8992-dbf279b8f313 for file data/4b46a036-3031-482c-88a5-061b7e18a2d3.txt
Submitted job c9eb7e8f-a44d-41dc-bb4b-3f961026580c for file data/267295a3-0dfe-410a-9ecc-5d7ca57fc6eb.txt
Submitted job ff6b95bd-7da7-4afe-8698-ed8c39b1d1b7 for file data/3054a13b-0d62-41ea-9756-08fe1ef466f0.txt
Submitted job 870f190e-d818-4f7f-93cd-f3c145f077be for file data/41151e7c-c55f-4721-8928-6b1207bdc63d.txt
Submitted job 0cd88957-0473-4bd4-ac7e-44ebff6db402 for file data/bf2399a1-820d-4a68-9dea-62c0b2d65d2e.txt
Submitted job f05a4b6a-6115-4bf0-9500-79fc328a9287 for file data/a505c23c-5d2a-4711-93ff-ce8e6d4d361c.txt
Submitted job 5e880b4e-f3ed-471d-ab12-033a08b19619 for file data/6e4362d5-4d13-45d9-8cce-0d32af0b38d6.txt
Submitted job 9a491e93-8e8a-4afa-93a1-95cc268a3b43 for file data/8265f75a-7178-4b5d-b9dc-12847c866416.txt
Submitted job e5e26f4f-89f2-40fe-92f6-86de59946e5c for file data/bcab6577-57a2-440c-a840-7a89c813f2d9.txt
Submitted job 8c8a3730-c4b6-459b-b09a-2ef9bf005aec for file data/b14665a9-870c-42cd-8610-f7536ee76832.txt
Submitted job fa48a9c9-e8bd-41a1-a2c5-10e97c5b02bd for file data/973d8eee-6760-4cbe-9f78-db65abb9c28b.txt
Submitted job 3b53c8b6-867a-46de-8eaf-8c8f1263d44d for file data/2a207b72-ce0c-4230-ad2a-b301f00b5dfa.txt
Submitted job e77bfbe9-bbf5-4fcb-9f81-8ddbb0fe56d8 for file data/4959275c-d914-45de-b9df-c6a5cb205267.txt
Submitted job 79ac0cc6-22c0-4387-b841-2e6dffb099dc for file data/efb522e1-2bfd-4c15-b03a-f0de40daa6c2.txt
Submitted job 76b724df-094c-4d4d-815d-7bd1fcc310e3 for file data/567c7860-237f-4d66-ab8b-0911ed5e7e85.txt
Submitted job 663f91fe-a117-443a-86de-8bca88416b48 for file data/119671b1-c952-429a-92cc-2a8528f3fd3f.txt
Submitted job c92f804c-b14e-44df-b421-0b468d01702c for file data/a8c1056b-c072-4024-8611-e8e3c9f23a02.txt
Submitted job 3ade7172-f2cf-44a1-810c-f290f0624cb4 for file data/df5145d3-a847-493b-b7b7-a086d2e38773.txt
Submitted job 43c14b3d-b64d-4e26-a59a-fde6ae95784c for file data/0a8f6eae-b109-4d9b-b6e1-2b6ff4c7c784.txt
Submitted job 94ea73a2-8f54-4300-9a16-dd794e51e9fb for file data/7d008ca8-ae1e-403a-ab94-65fe1cf7c077.txt
Submitted job b1b2a5a9-c1b8-4893-b52b-9590a7eb7892 for file data/73b496d4-01a2-44aa-bb54-6f7987b9b641.txt
Submitted job 1fef1d0e-9c3b-4e75-b037-e4b95f7fd46a for file data/14880f3b-e194-4e73-81bb-012fb2e76998.txt
Submitted job f9fd92b7-df81-4009-a56d-f78045794f17 for file data/b84636cd-78ef-41a6-b79a-9da6ca7ff47d.txt
Submitted job 863904f9-6585-4b43-b4b0-947b47bf23d6 for file data/8f13c079-25bd-455a-aa85-c85aa583321f.txt
Submitted job a0b7f1be-69e3-42fd-b37e-1ab7f6fc1e3f for file data/6b6b7c30-3cfc-415e-bcbb-40d317391100.txt
Submitted job 5559dd25-352d-4af0-9238-f952438e9bd2 for file data/a6876430-dca6-43d8-9d53-57d0ec555de3.txt
Submitted job 013d4ce3-5c2f-41ca-99dc-f7f945b5d349 for file data/63fcbff9-8bbc-4941-b163-090a319f75c9.txt
Submitted job 314666c9-e0d4-48aa-a8f7-c8f6ac42132d for file data/5c2bea79-ea22-4be7-8477-556f71c0cb93.txt
Submitted job 2b57b51e-5031-4317-8ae8-6da6f60bee43 for file data/e5803528-9f3a-4c99-acc1-bc3c35f1af3c.txt
Submitted job 27ce4b49-fae3-418c-8e95-4bfaa8273eab for file data/fc7aef12-9997-4854-b87c-d9fb6dcf3f2a.txt
Submitted job e1827574-e4ee-425f-8376-d69fbcf98ffd for file data/28955ccd-62d8-4216-8a11-0d27bb414b35.txt
Submitted job a783e42d-ee0f-4740-957a-3d3175b1bb0c for file data/24936c68-dc7f-4d4a-973e-db21c2b7b590.txt
Submitted job 595c195c-aa25-40c0-82ca-aa82b58085ae for file data/f072efc2-917d-4be6-bdcf-62a1efb4a15f.txt
Submitted job 87f10126-8f54-4d34-ba00-0586058c1079 for file data/6d7b1863-7b19-4d8f-92ff-b9dfe15981c6.txt
Submitted job 4f8dc816-b0a0-460f-9d61-7b7a7a0f4a4b for file data/22a17246-aecc-45a6-b600-7a35e5b5d619.txt
Submitted job 4c0f992d-fdea-4398-96a8-f122ddd971c4 for file data/2d2f91bc-fea2-4d54-8e1a-6241ad46ed77.txt
Submitted job 2bad5096-c0b6-4ff0-b6e2-0dc595e951d7 for file data/03d0195d-4b88-418e-a54a-8ddaa10608bb.txt
Submitted job 1625bdcf-145b-4d1a-a485-ce5aedd9ef58 for file data/f8499adc-e6c5-4bff-bc18-4dbd218de867.txt
Submitted job b1e8f096-8a3b-4fb7-a576-d91e2c0fbab8 for file data/5f92b640-404d-4cdc-abf5-61532c05fa49.txt
Submitted job 870e5969-ce38-4a0c-9c2e-391af2006988 for file data/29025631-8c39-4560-b632-ce794c890ee3.txt
Submitted job bbdf8ca9-870c-4470-bd40-3e1cafbcd4bf for file data/67b3694a-b3a4-4a89-a5c7-9025f82f3cd8.txt
Submitted job 701ef9d5-ab74-40aa-a144-b827188e6b1c for file data/87739015-1b3b-44fa-89de-ee9b45b6aa30.txt
Submitted job 0f73382e-fd31-4bf4-8f7e-6be60a96fcb7 for file data/0c308531-dabb-4f9b-a646-2faf9a55d197.txt
Submitted job a000efb1-fad8-43f0-982a-9a2487e1844a for file data/12024375-ec64-4726-a078-a358e304029f.txt
Submitted job 759bedb3-ab6c-4140-83b4-f18e42d47850 for file data/a5036d89-405f-4052-b5bc-c649927e8b17.txt
Submitted job f5bbeecb-6db4-425b-ae21-ad05c43dba65 for file data/3d4639f7-5e29-46f3-b525-773795ce7ca0.txt
Submitted job c8070e08-9fb1-47f7-a5e3-0c98f70a1e44 for file data/423664c5-e4f4-4f1e-98bc-7df0116901c0.txt
Submitted job 2b85878b-e16d-48a3-a5e7-7fc7f8c1d1e2 for file data/774af1d1-ae09-4e97-83f9-aa2caabed03c.txt
Submitted job e50d9d51-8d46-48b4-8a53-6375e2a5a076 for file data/41d9f464-6a92-4320-b389-756f2ccf7729.txt
Submitted job 4fb27ff0-bd20-4a8e-bb18-d0d156e69ecb for file data/3f0f269a-54b1-4166-a7fa-e9f39356d902.txt
Submitted job b3c78f60-f8f4-4520-b7f5-7b8b07e866b4 for file data/3c99623a-666f-4d81-a5bd-69e49f612086.txt
Submitted job 4d779eff-5798-408f-beda-0522ea8d3fdc for file data/43cc6fb5-8b2f-47ac-9e7b-c4ae04a65fa6.txt
Submitted job 7b09c0c1-0b65-4e77-848c-6f4bbfd6ad93 for file data/7656051a-5bae-44ed-ad53-880d725212f4.txt
Submitted job 01ab1db3-b0bb-4b5c-bcc3-98344a6d0264 for file data/c2d03466-c7fc-4a99-b3ff-199e276d9ff6.txt
Submitted job 83c003cd-a631-4160-887d-f158bb7571fa for file data/cda66e61-d73a-4f2f-a13c-ff65bbafc450.txt
Submitted job 202ec41a-38d7-44fb-adc2-60b137662dbe for file data/8c06a925-5ff7-4ffe-b7f0-e4fc02d37f14.txt
Submitted job 905c2105-dbd7-429e-b1b9-103880be25be for file data/b7fc117d-b241-454a-87e1-08bb7b9febf2.txt
Submitted job a5ca5719-8934-4ee7-8dc0-6dd4e95e9816 for file data/8cf677c0-e32a-4d27-8866-9faeb5bf0467.txt
Submitted job 5c715eaf-32d9-4ce4-8947-b8a50f301e77 for file data/fd72bfe6-2bc8-4dff-b143-251bb978cd5b.txt
Submitted job 6879f925-77ec-4de6-ac6f-13a78a905c07 for file data/18526484-8101-45e0-85c6-fc9665983cc0.txt
Submitted job f90b4ada-6897-441d-92c0-41f3a70f8858 for file data/1ceec7a1-3d5e-4c3e-bbb3-65c20a4af997.txt
Submitted job 6bfbda0c-91af-464c-882e-fade64c2fce6 for file data/503c1767-5e28-4e17-a44b-092bbaf48720.txt
Submitted job af754c61-a28b-4952-9b55-5742377661cf for file data/82b5dfdc-14f8-493a-a9ea-ce57751585d5.txt
Submitted job 986baa6f-35df-4506-8356-1671776f02e7 for file data/fd9f7761-5767-4d46-ae6e-4955ac8a7029.txt
Submitted job d0ac6461-5cf9-463f-9698-3781ec417864 for file data/e9d40d62-ad68-4e5e-8020-122c8c03bea4.txt
Submitted job dc429958-88e1-42a6-bbd9-91e5dbb20e40 for file data/0385ec26-1d52-472d-8fcd-d671aaa2d340.txt
Submitted job b6512a4b-3fe6-40a2-8ac3-7a8adcceae26 for file data/530dc8db-bf8e-4b22-82b6-c10247335296.txt
Submitted job badde7e6-6cfa-4ca4-8f80-a6c74c9a099a for file data/cf2b87e7-33b6-4ef2-9a72-adaa18b95b44.txt
Submitted job 8b0fd9bc-a46b-4007-998c-702d0c4560bf for file data/986ac60b-f7cb-43e4-a88b-c637245ae28d.txt
Submitted job 0430454b-e1e9-4cb5-8212-bfd96a08b365 for file data/85dc2536-5057-4d51-99a2-d9d5757d43e1.txt
Submitted job 957db241-8590-4911-b510-1215f067cd69 for file data/e4d06aef-62da-488d-9d0b-f6ed851a932e.txt
Submitted job a738e36b-0706-4dc5-b3d8-742f453c9264 for file data/3f1823dc-4e78-475c-b91c-4e3f3da00ca4.txt
Submitted job 0512c328-ea66-4fbc-9f0a-ebfde1768509 for file data/66ecfc20-8fc6-493a-afa3-c9fd9c967342.txt
Submitted job 7a5a2fea-9802-4603-98a1-ce7dd07dbb3f for file data/2a4a5408-1fe7-4ab3-be8e-82533c0a9a30.txt
Submitted job 90e6df9e-2ef7-4756-9c64-08e3c09a9bd3 for file data/c8744f21-9ca9-4d6b-936f-32f6533add4d.txt
Submitted job 1a03297f-caba-43ae-9241-552bef0ceb9a for file data/b828cb8e-9c5b-4393-b0d1-96477890c55c.txt
Submitted job 67350499-c4b4-418e-b99f-4f75a1696a2d for file data/e814c6ff-00da-4193-b4b8-fadbaa7cb336.txt
Submitted job 99cb5839-49a8-4289-8997-30e62901d628 for file data/3d08cbeb-179c-4ba9-9908-acc238ea8711.txt
Submitted job 05d560f0-f7b2-43f5-b2bf-63e0336041cc for file data/8d94cf59-7390-4a35-90ac-90e39d71fa15.txt
Submitted job 797a6ae7-c78a-457d-94c4-462cc895278d for file data/cc90ae40-43e1-495f-8242-b89c3597f0d1.txt
Submitted job 2aeab1aa-4591-4934-8a43-bd6d2a495cca for file data/e0d0045c-3c98-4614-8630-bfa164d6ff98.txt
Submitted job 0e8b835c-8bab-4d0b-b41e-10930b9f5adc for file data/0767011e-1857-4266-9b36-0651c2aa8098.txt
Submitted job d9fcdc05-033b-47c1-a319-c5cc1d41087f for file data/0f437465-ac37-4824-a3b9-bfc861b68daa.txt
Submitted job 0348d5a5-297b-4b27-af80-f3e3b1d25495 for file data/dca5892c-78fc-46d6-bb92-26b12df57919.txt
Submitted job 63318fd2-834e-4ee5-ad45-f6621d03f9e6 for file data/cc499908-b54d-464c-9738-73a01ae72b28.txt
Submitted job 32446131-484e-4a18-ac3c-5cfa1cf657f8 for file data/d2e2c933-dcd3-4388-936b-7ad64a12da54.txt
Submitted job 4ec90bb2-d1f5-4fe8-8263-17cb48c7cbd9 for file data/29856fe8-26c6-4596-b1dd-e2e9a6ac3e40.txt
Submitted job 82d4c8b6-5838-45a3-b416-83f8053a0a2d for file data/191c3ffa-1e15-49e4-9142-4a970e29fa36.txt
Submitted job 878b93ac-91ed-4c9d-b25f-e7d6bdfc74fb for file data/d3496517-2109-4b6f-b94f-8fa2a2fc275a.txt
Submitted job 5982d60f-ae68-40dd-afae-92d2de094dcc for file data/480c1af6-4072-48ae-9a06-d234308fadfe.txt
Submitted job bb279d6e-0a93-4ea4-88cf-d496b903866d for file data/6e5898e2-023a-4f02-bc2e-3c79bdedc4b5.txt
Submitted job 4cfbba61-d138-4277-9fde-84bac25b261e for file data/f09887c1-e094-4d99-a9ed-4d127f97321c.txt
Submitted job a3b12040-ebbc-41ad-aeed-0ee8e8265b44 for file data/939d2525-e5c8-45f6-9500-c1885940274b.txt
Submitted job fd940a0d-925e-4549-ae5e-4c4492c18882 for file data/39cc34c6-c22f-474e-866e-3f01fada8b36.txt
Submitted job ca94be8b-cd28-4015-949c-b7476e32c919 for file data/01ca1f79-7e88-4da0-984e-13405dedc819.txt
Submitted job d3fd8385-ddb6-49e3-9a58-aa2d06d4baab for file data/b8d5016b-6704-432c-9276-21d82125403f.txt
Submitted job 28d5c4ef-2940-47a3-9fad-daed3de0eaa1 for file data/6acc4d26-9b70-428c-b202-779f887285cd.txt
Submitted job f519570c-7112-4325-9350-8fbd1214e027 for file data/9e2e7545-ac3c-46bf-8a71-6514bc3e6926.txt
Submitted job ca92eb04-49d0-4910-b3cc-76469abbd122 for file data/45f9560e-1973-4f84-8f99-f3b7678d052a.txt
Submitted job 0f84b1cd-feba-4919-a932-56205375dd45 for file data/9c76eddf-9433-4c34-a9ee-99b6ef626e88.txt
Submitted job 2936041e-4281-42f2-a3c8-3f363c48a116 for file data/7b2a3bc4-1a54-495d-b43f-001d59058f2f.txt
Submitted job 21368d4f-c3a5-47f4-ae4f-433af2aa35f6 for file data/e7ce6601-882e-4988-a0ac-45eee8ae3e5e.txt
Submitted job d80760ba-3f85-4c53-b4dd-1cf20252303a for file data/ac3578e0-5f26-43a4-b355-3ad38593b04b.txt
Submitted job abb426cc-7323-4001-abe1-50bc6a314b01 for file data/40d82ac2-4cec-495e-a201-823996eed6d6.txt
Submitted job b7fde544-f522-45b5-862a-9e3c618c6c91 for file data/5f2d71f7-749a-41ab-a371-92e4ec09c798.txt
Submitted job 912a6ae9-3afa-466b-ab86-ddce73cbb887 for file data/508c810d-bbc4-4458-a797-be4d34fe83a5.txt
Submitted job 8ec544a7-9929-4737-b30b-a4360ceb96e2 for file data/a1db15b5-267b-4c39-b6cc-ddde3ed8bf73.txt
Submitted job 558f3320-f0d6-4d81-aadf-27816985a418 for file data/27f01750-e1cc-4145-b922-66cf5b630df0.txt
Submitted job c6fac091-d1a9-4cd2-ace3-36158e94dae4 for file data/bab8fc63-c79f-45de-ac31-80f3fc18ddab.txt
Submitted job 6e5be2a5-1ef7-42d9-af9d-13cd3c336383 for file data/4f4979cd-605b-4ffb-b5cb-17844a1fee67.txt
Submitted job 4afde863-36a0-400e-b36c-e1908934bb3d for file data/1f7735df-ace7-4c6b-9824-898375ecfa27.txt
Submitted job 856dd8f1-b6dd-469c-b427-27cf82a1e331 for file data/f95e9331-3116-4844-bc93-f90914ca41d2.txt
Submitted job 5bd95156-7670-4af1-a7c4-66f31ca990ca for file data/ea34f989-397e-4b0f-bd7d-d9f4d88055d5.txt
Submitted job 592f8b88-7783-4696-a113-de81567da535 for file data/cd7b9d3d-1eb7-4720-879b-cc7f9cd986c0.txt
Submitted job a96f1552-3504-48fa-a626-8ef4ba4e0a03 for file data/0a62940d-49e9-494b-9f2e-94f87e3b3c14.txt
Submitted job 58b0d73e-af73-4b47-a194-1d86c0cbbf03 for file data/d7b190b0-b022-48a5-b35c-cae1525d52ec.txt
Submitted job deacbbfd-752b-49ae-918f-cd9f87323afa for file data/70e7228c-9f37-47f8-bcfa-832fb213c21e.txt
Submitted job a6681ba3-8a4e-4a48-a65e-bafc2e48befd for file data/5ae47f05-43af-4139-8561-e8da1e0bbb44.txt
Submitted job 57516122-985f-4b2f-b362-1b943b257490 for file data/8ee74df4-56c8-493e-82a5-24325eb7d104.txt
Submitted job d54d2f32-3a4e-4a39-93d4-89cbaca5b05f for file data/f3c2d682-4cb9-4a6e-ab9d-393c512be0b2.txt
Submitted job 59ae862a-9d94-41e4-85c3-edbfc4bcbc3c for file data/2f4649a3-8c23-4693-8328-738024d395d6.txt
Submitted job 31c27319-f125-4c92-a714-1d6728f1bef0 for file data/525d070e-5baa-450f-bb27-264ea0d5fef5.txt
Submitted job b2824fd4-e0de-4f6d-a9c0-86deefa31c65 for file data/827ba178-1ef5-4016-a8d9-563410a8c746.txt
Submitted job d1ad91aa-3d8b-499e-9eb3-b45120fdc1ba for file data/72d55334-58e0-4023-a931-e21e09600fe8.txt
Submitted job 0e6c0923-dc1a-4493-8600-937754264ccb for file data/b19d5661-fcd8-43fa-a8aa-1331b01d812c.txt
Submitted job cafa10b2-2bcb-4197-87c9-6ece1975c25a for file data/a266f2d5-c48d-4d4e-8b5d-5741db0b4d28.txt
Submitted job 72e4451a-ef19-47b3-bf4b-06192dc18e8d for file data/3d2d1145-6e25-4391-8cb3-f9be1a95dbf3.txt
Submitted job 69a0407b-9824-4e88-9471-50c9b061fb7a for file data/1c8f063d-d935-408d-9385-6c32ba6239d0.txt
Submitted job 5b6a6b68-2626-4b17-8b06-128e2b3ec4e0 for file data/4bd59f44-1f23-4eef-82a1-571ad7cfc3d9.txt
Submitted job b454866f-b344-4ed3-825d-c59d17e5e34c for file data/53921a22-da04-4b02-997a-887d331b29b6.txt
Submitted job 887d279a-39f5-49f1-b3e9-ba87fdae172f for file data/abd6d59b-b678-4b55-9268-4369193a9938.txt
Submitted job d1ecde32-005a-4a71-ad26-18c6524e7481 for file data/8f4cb5af-b627-49a5-ab23-3ff1fe19ca81.txt
Submitted job b2bd966d-2878-431e-9570-7af60228498f for file data/3d0779e2-f626-4654-9352-0f2c5e211998.txt
Submitted job b650d66c-b88a-4acf-8a25-91416eb22211 for file data/162e8c13-8d28-43d6-8c34-9bcbc5f9a651.txt
Submitted job a3442475-484e-427d-8382-b6e78763707a for file data/fed439cd-d1b7-4ea0-b3ea-c93d34b62d82.txt
